<?xml version="1.0" encoding="UTF-8"?>
<!-- Generated by org.testng.reporters.JUnitXMLReporter -->
<testsuite ignored="0" hostname="NIS-PK503.local" failures="0" tests="2" name="Error Validation Test" time="56.935" errors="0" timestamp="2024-10-22T20:52:13 PKT">
  <testcase classname="org.osamaikhlas.ECommerce_TestCase_02" name="fillFormNegativeFlow" time="16.015"/>
  <testcase classname="org.osamaikhlas.ECommerce_TestCase_02" name="fillFormPostiveFlow" time="25.758"/>
</testsuite> <!-- Error Validation Test -->
