<?xml version="1.0" encoding="UTF-8"?>
<!-- Generated by org.testng.reporters.JUnitXMLReporter -->
<testsuite ignored="0" hostname="NIS-PK261s-MacBook-Pro.local" failures="1" tests="2" name="Error Validation Test" time="60.194" errors="0" timestamp="2023-08-29T00:42:36 PKT">
  <testcase classname="org.osamaikhlas.ECommerce_TestCase_02" name="fillFormNegativeFlow" time="14.134">
    <failure type="java.lang.AssertionError" message="expected [Please your name] but found [Please enter your name]">
      <![CDATA[java.lang.AssertionError: expected [Please your name] but found [Please enter your name]
at org.osamaikhlas.pageObjects.android.FormPage.verifyToastMessage(FormPage.java:78)
at org.osamaikhlas.ECommerce_TestCase_02.fillFormNegativeFlow(ECommerce_TestCase_02.java:15)
at java.base/java.util.ArrayList.forEach(ArrayList.java:1541)
... Removed 33 stack frames]]>
    </failure>
  </testcase> <!-- fillFormNegativeFlow -->
  <testcase classname="org.osamaikhlas.ECommerce_TestCase_02" name="fillFormPostiveFlow" time="14.158"/>
</testsuite> <!-- Error Validation Test -->
