<?xml version="1.0" encoding="UTF-8"?>
<!-- Generated by org.testng.reporters.JUnitXMLReporter -->
<testsuite ignored="2" hostname="NIS-PK503.local" failures="0" tests="0" time="0.001" errors="0" timestamp="2024-10-28T20:20:58 PKT">
  <testcase classname="org.osamaikhlas.ECommerce_TestCase_02" name="fillFormPostiveFlow" time="0.0">
    <ignored/>
  </testcase> <!-- fillFormPostiveFlow -->
  <testcase classname="org.osamaikhlas.ECommerce_TestCase_02" name="fillFormNegativeFlow" time="0.0">
    <ignored/>
  </testcase> <!-- fillFormNegativeFlow -->
</testsuite>
