<?xml version="1.0" encoding="UTF-8"?>
<testng-results ignored="0" total="1" passed="1" failed="0" skipped="0">
  <reporter-output>
  </reporter-output>
  <suite started-at="2024-10-28T20:17:27 PKT" name="Suite" finished-at="2024-10-28T20:20:58 PKT" duration-ms="210873">
    <groups>
      <group name="Smoke">
        <method signature="ECommerce_TestCase_01.fillForm(java.util.HashMap)[pri:0, instance:org.osamaikhlas.ECommerce_TestCase_01@66c83fc8]" name="fillForm" class="org.osamaikhlas.ECommerce_TestCase_01"/>
      </group> <!-- Smoke -->
    </groups>
    <test started-at="2024-10-28T20:17:27 PKT" name="End to End Ecommerce Test" finished-at="2024-10-28T20:20:57 PKT" duration-ms="210495">
      <class name="org.osamaikhlas.ECommerce_TestCase_01">
        <test-method is-config="true" signature="ConfigureAppium()[pri:0, instance:org.osamaikhlas.ECommerce_TestCase_01@66c83fc8]" started-at="2024-10-28T20:17:27 PKT" name="ConfigureAppium" finished-at="2024-10-28T20:17:50 PKT" duration-ms="22800" status="PASS">
          <reporter-output>
          </reporter-output>
        </test-method> <!-- ConfigureAppium -->
        <test-method signature="fillForm(java.util.HashMap)[pri:0, instance:org.osamaikhlas.ECommerce_TestCase_01@66c83fc8]" started-at="2024-10-28T20:17:50 PKT" name="fillForm" data-provider="getData" finished-at="2024-10-28T20:20:53 PKT" duration-ms="183457" status="PASS">
          <params>
            <param index="0">
              <value>
                <![CDATA[{name=Osama Ikhlas, country=Argentina, gender=male}]]>
              </value>
            </param>
          </params>
          <reporter-output>
          </reporter-output>
        </test-method> <!-- fillForm -->
        <test-method is-config="true" signature="tearDown()[pri:0, instance:org.osamaikhlas.ECommerce_TestCase_01@66c83fc8]" started-at="2024-10-28T20:20:53 PKT" name="tearDown" finished-at="2024-10-28T20:20:57 PKT" duration-ms="4162" status="PASS">
          <reporter-output>
          </reporter-output>
        </test-method> <!-- tearDown -->
      </class> <!-- org.osamaikhlas.ECommerce_TestCase_01 -->
    </test> <!-- End to End Ecommerce Test -->
    <test started-at="2024-10-28T20:20:58 PKT" name="Error Validation Test" finished-at="2024-10-28T20:20:58 PKT" duration-ms="1">
    </test> <!-- Error Validation Test -->
    <test started-at="2024-10-28T20:20:58 PKT" name="IOS App Tests" finished-at="2024-10-28T20:20:58 PKT" duration-ms="0">
    </test> <!-- IOS App Tests -->
  </suite> <!-- Suite -->
</testng-results>
