<?xml version="1.0" encoding="UTF-8"?>
<testsuite xmlns:xsi="http://www.w3.org/2001/XMLSchema-instance" xsi:noNamespaceSchemaLocation="https://maven.apache.org/surefire/maven-surefire-plugin/xsd/surefire-test-report-3.0.xsd" version="3.0" name="TestSuite" time="53.342" tests="1" errors="0" skipped="0" failures="0">
  <properties>
[...]
</properties>
  <testcase name="fillForm[{name=Osama Ikhlas, country=Argentina, gender=male}](1)" classname="org.osamaikhlas.ECommerce_TestCase_01" time="28.003">
    <system-out><![CDATA[&amp#27;[35m[Appium]&amp#27;[39m Welcome to Appium v2.0.0-rc.5
&amp#27;[35m[Appium]&amp#27;[39m Non-default server args:
&amp#27;[35m[Appium]&amp#27;[39m { address: &amp#27;[32m'127.0.0.1'&amp#27;[39m }
&amp#27;[35m[Appium]&amp#27;[39m Attempting to load driver uiautomator2...
[debug] &amp#27;[35m[Appium]&amp#27;[39m Requiring driver at /Users/oikhlas/.appium/node_modules/appium-uiautomator2-driver
[Appium] Attempting to load driver xcuitest...
[debug] [Appium] Requiring driver at /Users/oikhlas/.appium/node_modules/appium-xcuitest-driver
[Appium] Appium REST http interface listener started on http://127.0.0.1:4723
[Appium] Available drivers:
[Appium]   - uiautomator2@2.29.2 (automationName 'UiAutomator2')
[Appium]   - xcuitest@4.32.23 (automationName 'XCUITest')
[Appium] No plugins have been installed. Use the "appium plugin" command to install the one(s) you want to use.
&amp#27;[38;5;0m[HTTP]&amp#27;[0m &amp#27;[37m-->&amp#27;[39m &amp#27;[37mGET&amp#27;[39m &amp#27;[37m/status&amp#27;[39m
&amp#27;[38;5;0m[HTTP]&amp#27;[0m {}
[debug] &amp#27;[38;5;16m[AppiumDriver@d7ac]&amp#27;[0m Calling AppiumDriver.getStatus() with args: []
[debug] &amp#27;[38;5;16m[AppiumDriver@d7ac]&amp#27;[0m Responding to client with driver.getStatus() result: {"build":{"version":"2.0.0-rc.5"}}
&amp#27;[38;5;0m[HTTP]&amp#27;[0m <-- GET /status 200 13 ms - 44
&amp#27;[38;5;0m[HTTP]&amp#27;[0m 
[debug] &amp#27;[38;5;0m[HTTP]&amp#27;[0m Request idempotency key: 77fbfec3-f2d2-400a-a63f-dc7924082c61
&amp#27;[38;5;0m[HTTP]&amp#27;[0m &amp#27;[37m-->&amp#27;[39m &amp#27;[37mPOST&amp#27;[39m &amp#27;[37m/session&amp#27;[39m
&amp#27;[38;5;0m[HTTP]&amp#27;[0m {"capabilities":{"firstMatch":[{}],"alwaysMatch":{"appium:app":"//Users//oikhlas//eclipse-workspace//AppiumFrameworkDesign//src//test//java//resources//General-Store.apk","appium:automationName":"UIAutomator2","appium:chromedriverExecutable":"//Users//oikhlas//Downloads//chromedriver_mac64//chromedriver","appium:deviceName":"Osamaemulator","platformName":"ANDROID"}}}
[debug] &amp#27;[38;5;16m[AppiumDriver@d7ac]&amp#27;[0m Calling AppiumDriver.createSession() with args: [null,null,{"firstMatch":[{}],"alwaysMatch":{"appium:app":"//Users//oikhlas//eclipse-workspace//AppiumFrameworkDesign//src//test//java//resources//General-Store.apk","appium:automationName":"UIAutomator2","appium:chromedriverExecutable":"//Users//oikhlas//Downloads//chromedriver_mac64//chromedriver","appium:deviceName":"Osamaemulator","platformName":"ANDROID"}}]
[debug] &amp#27;[38;5;16m[AppiumDriver@d7ac]&amp#27;[0m Event 'newSessionRequested' logged at 1693307168381 (16:06:08 GMT+0500 (Pakistan Standard Time))
[Appium] Attempting to find matching driver for automationName 'UIAutomator2' and platformName 'ANDROID'
[Appium] The 'uiautomator2' driver was installed and matched caps.
[Appium] Will require it at /Users/oikhlas/.appium/node_modules/appium-uiautomator2-driver
[debug] [Appium] Requiring driver at /Users/oikhlas/.appium/node_modules/appium-uiautomator2-driver
&amp#27;[38;5;16m[AppiumDriver@d7ac]&amp#27;[0m Appium v2.0.0-rc.5 creating new AndroidUiautomator2Driver (v2.29.2) session
&amp#27;[38;5;16m[AppiumDriver@d7ac]&amp#27;[0m Checking BaseDriver versions for Appium and AndroidUiautomator2Driver
&amp#27;[38;5;16m[AppiumDriver@d7ac]&amp#27;[0m Appium's BaseDriver version is 9.3.15
&amp#27;[38;5;16m[AppiumDriver@d7ac]&amp#27;[0m AndroidUiautomator2Driver's BaseDriver version is 9.3.15
[debug] &amp#27;[38;5;32m[AndroidUiautomator2Driver@ae4f]&amp#27;[0m Creating session with W3C capabilities: {
[debug] &amp#27;[38;5;32m[AndroidUiautomator2Driver@ae4f]&amp#27;[0m   "alwaysMatch": {
[debug] &amp#27;[38;5;32m[AndroidUiautomator2Driver@ae4f]&amp#27;[0m     "platformName": "ANDROID",
[debug] &amp#27;[38;5;32m[AndroidUiautomator2Driver@ae4f]&amp#27;[0m     "appium:app": "//Users//oikhlas//eclipse-workspace//AppiumFrameworkDesign//src//test//java//resources//General-Store.apk",
[debug] &amp#27;[38;5;32m[AndroidUiautomator2Driver@ae4f]&amp#27;[0m     "appium:automationName": "UIAutomator2",
[debug] &amp#27;[38;5;32m[AndroidUiautomator2Driver@ae4f]&amp#27;[0m     "appium:chromedriverExecutable": "//Users//oikhlas//Downloads//chromedriver_mac64//chromedriver",
[debug] &amp#27;[38;5;32m[AndroidUiautomator2Driver@ae4f]&amp#27;[0m     "appium:deviceName": "Osamaemulator"
[debug] &amp#27;[38;5;32m[AndroidUiautomator2Driver@ae4f]&amp#27;[0m   },
[debug] &amp#27;[38;5;32m[AndroidUiautomator2Driver@ae4f]&amp#27;[0m   "firstMatch": [
[debug] &amp#27;[38;5;32m[AndroidUiautomator2Driver@ae4f]&amp#27;[0m     {}
[debug] &amp#27;[38;5;32m[AndroidUiautomator2Driver@ae4f]&amp#27;[0m   ]
[debug] &amp#27;[38;5;32m[AndroidUiautomator2Driver@ae4f]&amp#27;[0m }
&amp#27;[38;5;32m[AndroidUiautomator2Driver@ae4f]&amp#27;[0m The following capabilities were provided, but are not recognized by Appium:
&amp#27;[38;5;32m[AndroidUiautomator2Driver@ae4f]&amp#27;[0m   deviceName
&amp#27;[38;5;32m[AndroidUiautomator2Driver@ae4f (5f6fd202)]&amp#27;[0m Session created with session id: 5f6fd202-b64f-4bec-80d7-1ff3b3d4151b
&amp#27;[38;5;48m[BaseDriver]&amp#27;[0m Using local app '//Users//oikhlas//eclipse-workspace//AppiumFrameworkDesign//src//test//java//resources//General-Store.apk'
[debug] &amp#27;[38;5;32m[AndroidUiautomator2Driver@ae4f (5f6fd202)]&amp#27;[0m Checking whether app is actually present
&amp#27;[38;5;64m[ADB]&amp#27;[0m Found 2 'build-tools' folders under '/users/oikhlas/Library/Android/sdk' (newest first):
&amp#27;[38;5;64m[ADB]&amp#27;[0m     /users/oikhlas/Library/Android/sdk/build-tools/34.0.0
&amp#27;[38;5;64m[ADB]&amp#27;[0m     /users/oikhlas/Library/Android/sdk/build-tools/30.0.3
&amp#27;[38;5;64m[ADB]&amp#27;[0m Using 'adb' from '/users/oikhlas/Library/Android/sdk/platform-tools/adb'
[debug] &amp#27;[38;5;64m[ADB]&amp#27;[0m Running '/users/oikhlas/Library/Android/sdk/platform-tools/adb -P 5037 start-server'
&amp#27;[38;5;80m[AndroidDriver]&amp#27;[0m Retrieving device list
[debug] &amp#27;[38;5;64m[ADB]&amp#27;[0m Trying to find a connected android device
[debug] &amp#27;[38;5;64m[ADB]&amp#27;[0m Getting connected devices
[debug] &amp#27;[38;5;64m[ADB]&amp#27;[0m Connected devices: [{"udid":"emulator-5554","state":"device"}]
&amp#27;[38;5;80m[AndroidDriver]&amp#27;[0m Using device: emulator-5554
&amp#27;[38;5;64m[ADB]&amp#27;[0m Using 'adb' from '/users/oikhlas/Library/Android/sdk/platform-tools/adb'
[debug] &amp#27;[38;5;64m[ADB]&amp#27;[0m Running '/users/oikhlas/Library/Android/sdk/platform-tools/adb -P 5037 start-server'
[debug] &amp#27;[38;5;64m[ADB]&amp#27;[0m Setting device id to emulator-5554
[debug] &amp#27;[38;5;64m[ADB]&amp#27;[0m Running '/users/oikhlas/Library/Android/sdk/platform-tools/adb -P 5037 -s emulator-5554 shell getprop ro.build.version.sdk'
[debug] &amp#27;[38;5;64m[ADB]&amp#27;[0m Current device property 'ro.build.version.sdk': 34
&amp#27;[38;5;64m[ADB]&amp#27;[0m Getting device platform version
[debug] &amp#27;[38;5;64m[ADB]&amp#27;[0m Running '/users/oikhlas/Library/Android/sdk/platform-tools/adb -P 5037 -s emulator-5554 shell getprop ro.build.version.release'
[debug] &amp#27;[38;5;64m[ADB]&amp#27;[0m Current device property 'ro.build.version.release': 14
[debug] &amp#27;[38;5;64m[ADB]&amp#27;[0m Device API level: 34
&amp#27;[38;5;32m[AndroidUiautomator2Driver@ae4f (5f6fd202)]&amp#27;[0m Relaxing hidden api policy
[debug] &amp#27;[38;5;64m[ADB]&amp#27;[0m Running '/users/oikhlas/Library/Android/sdk/platform-tools/adb -P 5037 -s emulator-5554 shell 'settings put global hidden_api_policy_pre_p_apps 1;settings put global hidden_api_policy_p_apps 1;settings put global hidden_api_policy 1''
[debug] &amp#27;[38;5;80m[AndroidDriver]&amp#27;[0m Parsing package and activity from app manifest
&amp#27;[38;5;64m[ADB]&amp#27;[0m Package name: 'com.androidsample.generalstore'
&amp#27;[38;5;64m[ADB]&amp#27;[0m Main activity name: 'com.androidsample.generalstore.SplashActivity'
[debug] &amp#27;[38;5;80m[AndroidDriver]&amp#27;[0m Parsed package and activity are: com.androidsample.generalstore/com.androidsample.generalstore.SplashActivity
[debug] &amp#27;[38;5;64m[ADB]&amp#27;[0m Running '/users/oikhlas/Library/Android/sdk/platform-tools/adb -P 5037 -s emulator-5554 wait-for-device'
[debug] &amp#27;[38;5;64m[ADB]&amp#27;[0m Running '/users/oikhlas/Library/Android/sdk/platform-tools/adb -P 5037 -s emulator-5554 shell echo ping'
[debug] &amp#27;[38;5;80m[AndroidDriver]&amp#27;[0m Pushing settings apk to device...
[debug] &amp#27;[38;5;64m[ADB]&amp#27;[0m Getting package info for 'io.appium.settings'
[debug] &amp#27;[38;5;64m[ADB]&amp#27;[0m Running '/users/oikhlas/Library/Android/sdk/platform-tools/adb -P 5037 -s emulator-5554 shell dumpsys package io.appium.settings'
[debug] &amp#27;[38;5;64m[ADB]&amp#27;[0m The version name of the installed 'io.appium.settings' is greater or equal to the application version name ('5.0.5' >= '5.0.5')
[debug] &amp#27;[38;5;64m[ADB]&amp#27;[0m There is no need to install/upgrade '/Users/oikhlas/.appium/node_modules/appium-uiautomator2-driver/node_modules/io.appium.settings/apks/settings_apk-debug.apk'
[debug] &amp#27;[38;5;64m[ADB]&amp#27;[0m Getting IDs of all 'io.appium.settings' processes
[debug] &amp#27;[38;5;64m[ADB]&amp#27;[0m Running '/users/oikhlas/Library/Android/sdk/platform-tools/adb -P 5037 -s emulator-5554 shell 'pgrep --help; echo $?''
[debug] &amp#27;[38;5;64m[ADB]&amp#27;[0m Running '/users/oikhlas/Library/Android/sdk/platform-tools/adb -P 5037 -s emulator-5554 shell pgrep -f \(\[\[:blank:\]\]\|\^\)io\.appium\.settings\(\[\[:blank:\]\]\|\$\)'
[debug] &amp#27;[38;5;80m[AndroidDriver]&amp#27;[0m io.appium.settings is already running. There is no need to reset its permissions.
[debug] &amp#27;[38;5;96m[Logcat]&amp#27;[0m Starting logs capture with command: /users/oikhlas/Library/Android/sdk/platform-tools/adb -P 5037 -s emulator-5554 logcat -v threadtime
[debug] &amp#27;[38;5;32m[AndroidUiautomator2Driver@ae4f (5f6fd202)]&amp#27;[0m Forwarding UiAutomator2 Server port 6790 to local port 8201
[debug] &amp#27;[38;5;64m[ADB]&amp#27;[0m Forwarding system: 8201 to device: 6790
[debug] &amp#27;[38;5;64m[ADB]&amp#27;[0m Running '/users/oikhlas/Library/Android/sdk/platform-tools/adb -P 5037 -s emulator-5554 forward tcp:8201 tcp:6790'
[debug] &amp#27;[38;5;64m[ADB]&amp#27;[0m Checking app cert for /Users/oikhlas/.appium/node_modules/appium-uiautomator2-driver/node_modules/appium-uiautomator2-server/apks/appium-uiautomator2-server-v5.12.2.apk
[debug] &amp#27;[38;5;64m[ADB]&amp#27;[0m Checking app cert for /Users/oikhlas/.appium/node_modules/appium-uiautomator2-driver/node_modules/appium-uiautomator2-server/apks/appium-uiautomator2-server-debug-androidTest.apk
&amp#27;[38;5;64m[ADB]&amp#27;[0m Using 'apksigner.jar' from '/users/oikhlas/Library/Android/sdk/build-tools/34.0.0/lib/apksigner.jar'
[debug] &amp#27;[38;5;64m[ADB]&amp#27;[0m Starting apksigner: /Library/Java/JavaVirtualMachines/jdk-11.jdk/Contents/Home/bin/java -Xmx1024M -Xss1m -jar /users/oikhlas/Library/Android/sdk/build-tools/34.0.0/lib/apksigner.jar verify --print-certs /Users/oikhlas/.appium/node_modules/appium-uiautomator2-driver/node_modules/appium-uiautomator2-server/apks/appium-uiautomator2-server-debug-androidTest.apk
[debug] &amp#27;[38;5;64m[ADB]&amp#27;[0m Starting apksigner: /Library/Java/JavaVirtualMachines/jdk-11.jdk/Contents/Home/bin/java -Xmx1024M -Xss1m -jar /users/oikhlas/Library/Android/sdk/build-tools/34.0.0/lib/apksigner.jar verify --print-certs /Users/oikhlas/.appium/node_modules/appium-uiautomator2-driver/node_modules/appium-uiautomator2-server/apks/appium-uiautomator2-server-v5.12.2.apk
[debug] &amp#27;[38;5;64m[ADB]&amp#27;[0m apksigner stdout: Signer #1 certificate DN: EMAILADDRESS=android@android.com, CN=Android, OU=Android, O=Android, L=Mountain View, ST=California, C=US
[debug] &amp#27;[38;5;64m[ADB]&amp#27;[0m Signer #1 certificate SHA-256 digest: a40da80a59d170caa950cf15c18c454d47a39b26989d8b640ecd745ba71bf5dc
[debug] &amp#27;[38;5;64m[ADB]&amp#27;[0m Signer #1 certificate SHA-1 digest: 61ed377e85d386a8dfee6b864bd85b0bfaa5af81
[debug] &amp#27;[38;5;64m[ADB]&amp#27;[0m Signer #1 certificate MD5 digest: e89b158e4bcf988ebd09eb83f5378e87
[debug] &amp#27;[38;5;64m[ADB]&amp#27;[0m 
[debug] &amp#27;[38;5;64m[ADB]&amp#27;[0m sha256 hash did match for 'appium-uiautomator2-server-debug-androidTest.apk'
&amp#27;[38;5;64m[ADB]&amp#27;[0m '/Users/oikhlas/.appium/node_modules/appium-uiautomator2-driver/node_modules/appium-uiautomator2-server/apks/appium-uiautomator2-server-debug-androidTest.apk' is signed with the default certificate
[debug] &amp#27;[38;5;64m[ADB]&amp#27;[0m Getting install status for io.appium.uiautomator2.server.test
[debug] &amp#27;[38;5;64m[ADB]&amp#27;[0m Running '/users/oikhlas/Library/Android/sdk/platform-tools/adb -P 5037 -s emulator-5554 shell pm path io.appium.uiautomator2.server.test'
[debug] &amp#27;[38;5;64m[ADB]&amp#27;[0m 'io.appium.uiautomator2.server.test' is installed
[debug] &amp#27;[38;5;64m[ADB]&amp#27;[0m apksigner stdout: Signer #1 certificate DN: EMAILADDRESS=android@android.com, CN=Android, OU=Android, O=Android, L=Mountain View, ST=California, C=US
[debug] &amp#27;[38;5;64m[ADB]&amp#27;[0m Signer #1 certificate SHA-256 digest: a40da80a59d170caa950cf15c18c454d47a39b26989d8b640ecd745ba71bf5dc
[debug] &amp#27;[38;5;64m[ADB]&amp#27;[0m Signer #1 certificate SHA-1 digest: 61ed377e85d386a8dfee6b864bd85b0bfaa5af81
[debug] &amp#27;[38;5;64m[ADB]&amp#27;[0m Signer #1 certificate MD5 digest: e89b158e4bcf988ebd09eb83f5378e87
[debug] &amp#27;[38;5;64m[ADB]&amp#27;[0m 
[debug] &amp#27;[38;5;64m[ADB]&amp#27;[0m sha256 hash did match for 'appium-uiautomator2-server-v5.12.2.apk'
&amp#27;[38;5;64m[ADB]&amp#27;[0m '/Users/oikhlas/.appium/node_modules/appium-uiautomator2-driver/node_modules/appium-uiautomator2-server/apks/appium-uiautomator2-server-v5.12.2.apk' is signed with the default certificate
[debug] &amp#27;[38;5;64m[ADB]&amp#27;[0m Getting package info for 'io.appium.uiautomator2.server'
[debug] &amp#27;[38;5;64m[ADB]&amp#27;[0m Running '/users/oikhlas/Library/Android/sdk/platform-tools/adb -P 5037 -s emulator-5554 shell dumpsys package io.appium.uiautomator2.server'
[debug] &amp#27;[38;5;64m[ADB]&amp#27;[0m The version name of the installed 'io.appium.uiautomator2.server' is greater or equal to the application version name ('5.12.2' >= '5.12.2')
[debug] &amp#27;[38;5;32m[AndroidUiautomator2Driver@ae4f (5f6fd202)]&amp#27;[0m Server packages status: [{"wasSigned":true,"installState":"sameVersionInstalled","appPath":"/Users/oikhlas/.appium/node_modules/appium-uiautomator2-driver/node_modules/appium-uiautomator2-server/apks/appium-uiautomator2-server-v5.12.2.apk","appId":"io.appium.uiautomator2.server"},{"wasSigned":true,"installState":"sameVersionInstalled","appPath":"/Users/oikhlas/.appium/node_modules/appium-uiautomator2-driver/node_modules/appium-uiautomator2-server/apks/appium-uiautomator2-server-debug-androidTest.apk","appId":"io.appium.uiautomator2.server.test"}]
&amp#27;[38;5;32m[AndroidUiautomator2Driver@ae4f (5f6fd202)]&amp#27;[0m Server packages are not going to be (re)installed
[debug] &amp#27;[38;5;32m[AndroidUiautomator2Driver@ae4f (5f6fd202)]&amp#27;[0m Waiting up to 30000ms for services to be available
[debug] &amp#27;[38;5;64m[ADB]&amp#27;[0m Running '/users/oikhlas/Library/Android/sdk/platform-tools/adb -P 5037 -s emulator-5554 shell pm list instrumentation'
[debug] &amp#27;[38;5;32m[AndroidUiautomator2Driver@ae4f (5f6fd202)]&amp#27;[0m Instrumentation target 'io.appium.uiautomator2.server.test/androidx.test.runner.AndroidJUnitRunner' is available
&amp#27;[38;5;64m[ADB]&amp#27;[0m Adding packages ["io.appium.settings","io.appium.uiautomator2.server","io.appium.uiautomator2.server.test"] to Doze whitelist
[debug] &amp#27;[38;5;64m[ADB]&amp#27;[0m Got the following command chunks to execute: [["dumpsys","deviceidle","whitelist","+io.appium.settings",";","dumpsys","deviceidle","whitelist","+io.appium.uiautomator2.server",";","dumpsys","deviceidle","whitelist","+io.appium.uiautomator2.server.test",";"]]
[debug] &amp#27;[38;5;64m[ADB]&amp#27;[0m Running '/users/oikhlas/Library/Android/sdk/platform-tools/adb -P 5037 -s emulator-5554 shell dumpsys deviceidle whitelist +io.appium.settings ; dumpsys deviceidle whitelist +io.appium.uiautomator2.server ; dumpsys deviceidle whitelist +io.appium.uiautomator2.server.test ;'
[debug] &amp#27;[38;5;64m[ADB]&amp#27;[0m Checking app cert for //Users//oikhlas//eclipse-workspace//AppiumFrameworkDesign//src//test//java//resources//General-Store.apk
[debug] &amp#27;[38;5;64m[ADB]&amp#27;[0m Starting apksigner: /Library/Java/JavaVirtualMachines/jdk-11.jdk/Contents/Home/bin/java -Xmx1024M -Xss1m -jar /users/oikhlas/Library/Android/sdk/build-tools/34.0.0/lib/apksigner.jar verify --print-certs //Users//oikhlas//eclipse-workspace//AppiumFrameworkDesign//src//test//java//resources//General-Store.apk
[debug] &amp#27;[38;5;64m[ADB]&amp#27;[0m apksigner stdout: Signer #1 certificate DN: EMAILADDRESS=android@android.com, CN=Android, OU=Android, O=Android, L=Mountain View, ST=California, C=US
[debug] &amp#27;[38;5;64m[ADB]&amp#27;[0m Signer #1 certificate SHA-256 digest: a40da80a59d170caa950cf15c18c454d47a39b26989d8b640ecd745ba71bf5dc
[debug] &amp#27;[38;5;64m[ADB]&amp#27;[0m Signer #1 certificate SHA-1 digest: 61ed377e85d386a8dfee6b864bd85b0bfaa5af81
[debug] &amp#27;[38;5;64m[ADB]&amp#27;[0m Signer #1 certificate MD5 digest: e89b158e4bcf988ebd09eb83f5378e87
[debug] &amp#27;[38;5;64m[ADB]&amp#27;[0m 
[debug] &amp#27;[38;5;64m[ADB]&amp#27;[0m sha256 hash did match for 'General-Store.apk'
&amp#27;[38;5;64m[ADB]&amp#27;[0m '//Users//oikhlas//eclipse-workspace//AppiumFrameworkDesign//src//test//java//resources//General-Store.apk' is signed with the default certificate
[debug] &amp#27;[38;5;64m[ADB]&amp#27;[0m Getting package info for 'com.androidsample.generalstore'
[debug] &amp#27;[38;5;64m[ADB]&amp#27;[0m Running '/users/oikhlas/Library/Android/sdk/platform-tools/adb -P 5037 -s emulator-5554 shell dumpsys package com.androidsample.generalstore'
[debug] &amp#27;[38;5;64m[ADB]&amp#27;[0m The version name of the installed 'com.androidsample.generalstore' is greater or equal to the application version name ('1.0.0' >= '1.0.0')
[debug] &amp#27;[38;5;64m[ADB]&amp#27;[0m There is no need to install/upgrade '//Users//oikhlas//eclipse-workspace//AppiumFrameworkDesign//src//test//java//resources//General-Store.apk'
&amp#27;[38;5;80m[AndroidDriver]&amp#27;[0m Performing fast reset on 'com.androidsample.generalstore'
[debug] &amp#27;[38;5;64m[ADB]&amp#27;[0m Getting install status for com.androidsample.generalstore
[debug] &amp#27;[38;5;64m[ADB]&amp#27;[0m Running '/users/oikhlas/Library/Android/sdk/platform-tools/adb -P 5037 -s emulator-5554 shell pm path com.androidsample.generalstore'
[debug] &amp#27;[38;5;64m[ADB]&amp#27;[0m 'com.androidsample.generalstore' is installed
[debug] &amp#27;[38;5;64m[ADB]&amp#27;[0m Running '/users/oikhlas/Library/Android/sdk/platform-tools/adb -P 5037 -s emulator-5554 shell am force-stop com.androidsample.generalstore'
[debug] &amp#27;[38;5;64m[ADB]&amp#27;[0m Running '/users/oikhlas/Library/Android/sdk/platform-tools/adb -P 5037 -s emulator-5554 shell pm clear com.androidsample.generalstore'
[debug] &amp#27;[38;5;80m[AndroidDriver]&amp#27;[0m Performed fast reset on the installed 'com.androidsample.generalstore' application (stop and clear)
[debug] &amp#27;[38;5;32m[AndroidUiautomator2Driver@ae4f (5f6fd202)]&amp#27;[0m Performing shallow cleanup of automation leftovers
[debug] &amp#27;[38;5;32m[AndroidUiautomator2Driver@ae4f (5f6fd202)]&amp#27;[0m No obsolete sessions have been detected (socket hang up)
[debug] &amp#27;[38;5;64m[ADB]&amp#27;[0m Running '/users/oikhlas/Library/Android/sdk/platform-tools/adb -P 5037 -s emulator-5554 shell am force-stop io.appium.uiautomator2.server.test'
&amp#27;[38;5;32m[AndroidUiautomator2Driver@ae4f (5f6fd202)]&amp#27;[0m Starting UIAutomator2 server 5.12.2
&amp#27;[38;5;32m[AndroidUiautomator2Driver@ae4f (5f6fd202)]&amp#27;[0m Using UIAutomator2 server from '/Users/oikhlas/.appium/node_modules/appium-uiautomator2-driver/node_modules/appium-uiautomator2-server/apks/appium-uiautomator2-server-v5.12.2.apk' and test from '/Users/oikhlas/.appium/node_modules/appium-uiautomator2-driver/node_modules/appium-uiautomator2-server/apks/appium-uiautomator2-server-debug-androidTest.apk'
&amp#27;[38;5;32m[AndroidUiautomator2Driver@ae4f (5f6fd202)]&amp#27;[0m Waiting up to 30000ms for UiAutomator2 to be online...
[debug] &amp#27;[38;5;64m[ADB]&amp#27;[0m Creating ADB subprocess with args: ["-P","5037","-s","emulator-5554","shell","am","instrument","-w","-e","disableAnalytics",true,"io.appium.uiautomator2.server.test/androidx.test.runner.AndroidJUnitRunner"]
[debug] &amp#27;[38;5;32m[AndroidUiautomator2Driver@ae4f (5f6fd202)]&amp#27;[0m Matched '/status' to command name 'getStatus'
[debug] &amp#27;[38;5;32m[AndroidUiautomator2Driver@ae4f (5f6fd202)]&amp#27;[0m Proxying [GET /status] to [GET http://127.0.0.1:8201/status] with no body
&amp#27;[38;5;32m[AndroidUiautomator2Driver@ae4f (5f6fd202)]&amp#27;[0m socket hang up
[debug] &amp#27;[38;5;32m[AndroidUiautomator2Driver@ae4f (5f6fd202)]&amp#27;[0m Matched '/status' to command name 'getStatus'
[debug] &amp#27;[38;5;32m[AndroidUiautomator2Driver@ae4f (5f6fd202)]&amp#27;[0m Proxying [GET /status] to [GET http://127.0.0.1:8201/status] with no body
&amp#27;[38;5;32m[AndroidUiautomator2Driver@ae4f (5f6fd202)]&amp#27;[0m socket hang up
[debug] &amp#27;[38;5;112m[Instrumentation]&amp#27;[0m io.appium.uiautomator2.server.test.AppiumUiAutomator2Server:
[debug] &amp#27;[38;5;32m[AndroidUiautomator2Driver@ae4f (5f6fd202)]&amp#27;[0m Matched '/status' to command name 'getStatus'
[debug] &amp#27;[38;5;32m[AndroidUiautomator2Driver@ae4f (5f6fd202)]&amp#27;[0m Proxying [GET /status] to [GET http://127.0.0.1:8201/status] with no body
&amp#27;[38;5;32m[AndroidUiautomator2Driver@ae4f (5f6fd202)]&amp#27;[0m socket hang up
[debug] &amp#27;[38;5;32m[AndroidUiautomator2Driver@ae4f (5f6fd202)]&amp#27;[0m Matched '/status' to command name 'getStatus'
[debug] &amp#27;[38;5;32m[AndroidUiautomator2Driver@ae4f (5f6fd202)]&amp#27;[0m Proxying [GET /status] to [GET http://127.0.0.1:8201/status] with no body
[debug] &amp#27;[38;5;32m[AndroidUiautomator2Driver@ae4f (5f6fd202)]&amp#27;[0m Got response with status 200: {"sessionId":"None","value":{"message":"UiAutomator2 Server is ready to accept commands","ready":true}}
[debug] &amp#27;[38;5;32m[AndroidUiautomator2Driver@ae4f (5f6fd202)]&amp#27;[0m The initialization of the instrumentation process took 3123ms
[debug] &amp#27;[38;5;32m[AndroidUiautomator2Driver@ae4f (5f6fd202)]&amp#27;[0m Matched '/session' to command name 'createSession'
[debug] &amp#27;[38;5;32m[AndroidUiautomator2Driver@ae4f (5f6fd202)]&amp#27;[0m Proxying [POST /session] to [POST http://127.0.0.1:8201/session] with body: {"capabilities":{"firstMatch":[{"platform":"LINUX","webStorageEnabled":false,"takesScreenshot":true,"javascriptEnabled":true,"databaseEnabled":false,"networkConnectionEnabled":true,"locationContextEnabled":false,"warnings":{},"desired":{"platformName":"ANDROID","app":"//Users//oikhlas//eclipse-workspace//AppiumFrameworkDesign//src//test//java//resources//General-Store.apk","automationName":"UIAutomator2","chromedriverExecutable":"//Users//oikhlas//Downloads//chromedriver_mac64//chromedriver","deviceName":"Osamaemulator"},"platformName":"ANDROID","app":"//Users//oikhlas//eclipse-workspace//AppiumFrameworkDesign//src//test//java//resources//General-Store.apk","automationName":"UIAutomator2","chromedriverExecutable":"//Users//oikhlas//Downloads//chromedriver_mac64//chromedriver","deviceName":"emulator-5554","deviceUDID":"emulator-5554","appPackage":"com.androidsample.generalstore"}],"alwaysMatch":{}}}
[debug] &amp#27;[38;5;32m[AndroidUiautomator2Driver@ae4f (5f6fd202)]&amp#27;[0m Got response with status 200: {"sessionId":"339cb118-80e7-4a2a-92b3-f1a8f02d8a99","value":{"capabilities":{"firstMatch":[{"platform":"LINUX","webStorageEnabled":false,"takesScreenshot":true,"javascriptEnabled":true,"databaseEnabled":false,"networkConnectionEnabled":true,"locationContextEnabled":false,"warnings":{},"desired":{"platformName":"ANDROID","app":"//Users//oikhlas//eclipse-workspace//AppiumFrameworkDesign//src//test//java//resources//General-Store.apk","automationName":"UIAutomator2","chromedriverExecutable":"//Users//oikhlas//Downloads//chromedriver_mac64//chromedriver","deviceName":"Osamaemulator"},"platformName":"ANDROID","app":"//Users//oikhlas//eclipse-workspace//AppiumFrameworkDesign//src//test//java//resources//General-Store.apk","automationName":"UIAutomator2","chromedriverExecutable":"//Users//oikhlas//Downloads//chromedriver_mac64//chromedriver","deviceName":"emulator-5554","deviceUDID":"emulator-5554","appPackage":"com.androidsample.generalstore"}],"alwaysMatch":{}},"sessionId":"339cb118-80e7-4a2a-92b3-f1a8f02d8a99"}}
&amp#27;[38;5;32m[AndroidUiautomator2Driver@ae4f (5f6fd202)]&amp#27;[0m Determined the downstream protocol as 'W3C'
[debug] &amp#27;[38;5;32m[AndroidUiautomator2Driver@ae4f (5f6fd202)]&amp#27;[0m Proxying [GET /appium/device/info] to [GET http://127.0.0.1:8201/session/339cb118-80e7-4a2a-92b3-f1a8f02d8a99/appium/device/info] with no body
[debug] &amp#27;[38;5;32m[AndroidUiautomator2Driver@ae4f (5f6fd202)]&amp#27;[0m Got response with status 200: {"sessionId":"339cb118-80e7-4a2a-92b3-f1a8f02d8a99","value":{"androidId":"01e280d6372dac63","apiVersion":"34","bluetooth":{"state":"ON"},"brand":"google","carrierName":"T-Mobile","displayDensity":560,"locale":"en_US","manufacturer":"Google","model":"sdk_gphone64_x86_64","networks":[{"capabilities":{"SSID":null,"linkDownBandwidthKbps":30000,"linkUpstreamBandwidthKbps":12000,"networkCapabilities":"NET_CAPABILITY_NOT_METERED,NET_CAPABILITY_INTERNET,NET_CAPABILITY_NOT_RESTRICTED,NET_CAPABILITY_TRUSTED,NET_CAPABILITY_NOT_VPN,NET_CAPABILITY_VALIDATED,NET_CAPABILITY_NOT_ROAMING,NET_CAPABILITY_FOREGROUND,NET_CAPABILITY_NOT_CONGESTED,NET_CAPABILITY_NOT_SUSPENDED","signalStrength":-50,"transportTypes":"TRANSPORT_WIFI"},"detailedState":"CONNECTED","extraInfo":"","isAvailable":true,"isConnected":true,"isFailover":false,"isRoaming":false,"state":"CONNECTED","subtype":-1,"subtypeName":"","type":1,"typeName":"WIFI"},{"capabilities":{"SSID":null,"linkDownBandwidthKbps":4300,"linkUpstreamBandwidthKbps":1800,"networkCapabil...
[debug] &amp#27;[38;5;64m[ADB]&amp#27;[0m Running '/users/oikhlas/Library/Android/sdk/platform-tools/adb -P 5037 -s emulator-5554 shell dumpsys window'
&amp#27;[38;5;80m[AndroidDriver]&amp#27;[0m Screen already unlocked, doing nothing
&amp#27;[38;5;32m[AndroidUiautomator2Driver@ae4f (5f6fd202)]&amp#27;[0m Starting 'com.androidsample.generalstore/com.androidsample.generalstore.SplashActivity and waiting for 'com.androidsample.generalstore/com.androidsample.generalstore.SplashActivity'
[debug] &amp#27;[38;5;64m[ADB]&amp#27;[0m Running '/users/oikhlas/Library/Android/sdk/platform-tools/adb -P 5037 -s emulator-5554 shell am start -W -n com.androidsample.generalstore/com.androidsample.generalstore.SplashActivity -S -a android.intent.action.MAIN -c android.intent.category.LAUNCHER -f 0x10200000'
[debug] &amp#27;[38;5;64m[ADB]&amp#27;[0m Waiting up to 20000ms for activity matching pkg: 'com.androidsample.generalstore' and activity: 'com.androidsample.generalstore.SplashActivity' to be focused
[debug] &amp#27;[38;5;64m[ADB]&amp#27;[0m Possible activities, to be checked: 'com.androidsample.generalstore.SplashActivity', 'com.androidsample.generalstore.com.androidsample.generalstore.SplashActivity'
[debug] &amp#27;[38;5;64m[ADB]&amp#27;[0m Getting focused package and activity
[debug] &amp#27;[38;5;64m[ADB]&amp#27;[0m Running '/users/oikhlas/Library/Android/sdk/platform-tools/adb -P 5037 -s emulator-5554 shell dumpsys window displays'
[debug] &amp#27;[38;5;64m[ADB]&amp#27;[0m Found package: 'com.androidsample.generalstore' and fully qualified activity name : 'com.androidsample.generalstore.SplashActivity'
[debug] &amp#27;[38;5;32m[AndroidUiautomator2Driver@ae4f (5f6fd202)]&amp#27;[0m Proxying [GET /appium/device/pixel_ratio] to [GET http://127.0.0.1:8201/session/339cb118-80e7-4a2a-92b3-f1a8f02d8a99/appium/device/pixel_ratio] with no body
[debug] &amp#27;[38;5;32m[AndroidUiautomator2Driver@ae4f (5f6fd202)]&amp#27;[0m Got response with status 200: {"sessionId":"339cb118-80e7-4a2a-92b3-f1a8f02d8a99","value":3.5}
[debug] &amp#27;[38;5;32m[AndroidUiautomator2Driver@ae4f (5f6fd202)]&amp#27;[0m Matched '/appium/device/system_bars' to command name 'getSystemBars'
[debug] &amp#27;[38;5;32m[AndroidUiautomator2Driver@ae4f (5f6fd202)]&amp#27;[0m Proxying [GET /appium/device/system_bars] to [GET http://127.0.0.1:8201/session/339cb118-80e7-4a2a-92b3-f1a8f02d8a99/appium/device/system_bars] with no body
[debug] &amp#27;[38;5;32m[AndroidUiautomator2Driver@ae4f (5f6fd202)]&amp#27;[0m Got response with status 200: {"sessionId":"339cb118-80e7-4a2a-92b3-f1a8f02d8a99","value":{"statusBar":98}}
[debug] &amp#27;[38;5;32m[AndroidUiautomator2Driver@ae4f (5f6fd202)]&amp#27;[0m Matched '/window/current/size' to command name 'getWindowSize'
[debug] &amp#27;[38;5;32m[AndroidUiautomator2Driver@ae4f (5f6fd202)]&amp#27;[0m Proxying [GET /window/current/size] to [GET http://127.0.0.1:8201/session/339cb118-80e7-4a2a-92b3-f1a8f02d8a99/window/current/size] with no body
[debug] &amp#27;[38;5;32m[AndroidUiautomator2Driver@ae4f (5f6fd202)]&amp#27;[0m Got response with status 200: {"sessionId":"339cb118-80e7-4a2a-92b3-f1a8f02d8a99","value":{"height":2796,"width":1440}}
&amp#27;[38;5;16m[AppiumDriver@d7ac]&amp#27;[0m New AndroidUiautomator2Driver session created successfully, session 5f6fd202-b64f-4bec-80d7-1ff3b3d4151b added to master session list
[debug] &amp#27;[38;5;16m[AppiumDriver@d7ac]&amp#27;[0m Event 'newSessionStarted' logged at 1693307179585 (16:06:19 GMT+0500 (Pakistan Standard Time))
[debug] &amp#27;[38;5;32m[AndroidUiautomator2Driver@ae4f (5f6fd202)]&amp#27;[0m Cached the protocol value 'W3C' for the new session 5f6fd202-b64f-4bec-80d7-1ff3b3d4151b
[debug] &amp#27;[38;5;32m[AndroidUiautomator2Driver@ae4f (5f6fd202)]&amp#27;[0m Responding to client with driver.createSession() result: {"capabilities":{"platform":"LINUX","webStorageEnabled":false,"takesScreenshot":true,"javascriptEnabled":true,"databaseEnabled":false,"networkConnectionEnabled":true,"locationContextEnabled":false,"warnings":{},"desired":{"platformName":"ANDROID","app":"//Users//oikhlas//eclipse-workspace//AppiumFrameworkDesign//src//test//java//resources//General-Store.apk","automationName":"UIAutomator2","chromedriverExecutable":"//Users//oikhlas//Downloads//chromedriver_mac64//chromedriver","deviceName":"Osamaemulator"},"platformName":"ANDROID","app":"//Users//oikhlas//eclipse-workspace//AppiumFrameworkDesign//src//test//java//resources//General-Store.apk","automationName":"UIAutomator2","chromedriverExecutable":"//Users//oikhlas//Downloads//chromedriver_mac64//chromedriver","deviceName":"emulator-5554","deviceUDID":"emulator-5554","appPackage":"com.androidsample.generalstore","deviceApiLevel":34,"platformVersion":"14","deviceScreenSize":"1440x2880","deviceScreenDensity":560,"deviceModel":"sdk_gphone64_x86_64","deviceMa...
&amp#27;[38;5;0m[HTTP]&amp#27;[0m <-- POST /session 200 11208 ms - 1202
&amp#27;[38;5;0m[HTTP]&amp#27;[0m 
&amp#27;[38;5;0m[HTTP]&amp#27;[0m &amp#27;[37m-->&amp#27;[39m &amp#27;[37mPOST&amp#27;[39m &amp#27;[37m/session/5f6fd202-b64f-4bec-80d7-1ff3b3d4151b/timeouts&amp#27;[39m
&amp#27;[38;5;0m[HTTP]&amp#27;[0m {"implicit":10000}
[debug] &amp#27;[38;5;32m[AndroidUiautomator2Driver@ae4f (5f6fd202)]&amp#27;[0m Calling AppiumDriver.timeouts() with args: [null,null,null,null,10000,"5f6fd202-b64f-4bec-80d7-1ff3b3d4151b"]
[debug] &amp#27;[38;5;32m[AndroidUiautomator2Driver@ae4f (5f6fd202)]&amp#27;[0m W3C timeout argument: {"implicit":10000}}
[debug] &amp#27;[38;5;32m[AndroidUiautomator2Driver@ae4f (5f6fd202)]&amp#27;[0m Set implicit wait to 10000ms
[debug] &amp#27;[38;5;32m[AndroidUiautomator2Driver@ae4f (5f6fd202)]&amp#27;[0m Responding to client with driver.timeouts() result: null
&amp#27;[38;5;0m[HTTP]&amp#27;[0m <-- POST /session/5f6fd202-b64f-4bec-80d7-1ff3b3d4151b/timeouts 200 5 ms - 14
&amp#27;[38;5;0m[HTTP]&amp#27;[0m 
&amp#27;[38;5;0m[HTTP]&amp#27;[0m &amp#27;[37m-->&amp#27;[39m &amp#27;[37mGET&amp#27;[39m &amp#27;[37m/session/5f6fd202-b64f-4bec-80d7-1ff3b3d4151b/context&amp#27;[39m
&amp#27;[38;5;0m[HTTP]&amp#27;[0m {}
[debug] &amp#27;[38;5;32m[AndroidUiautomator2Driver@ae4f (5f6fd202)]&amp#27;[0m Calling AppiumDriver.getCurrentContext() with args: ["5f6fd202-b64f-4bec-80d7-1ff3b3d4151b"]
[debug] &amp#27;[38;5;32m[AndroidUiautomator2Driver@ae4f (5f6fd202)]&amp#27;[0m Responding to client with driver.getCurrentContext() result: "NATIVE_APP"
&amp#27;[38;5;0m[HTTP]&amp#27;[0m <-- GET /session/5f6fd202-b64f-4bec-80d7-1ff3b3d4151b/context 200 5 ms - 22
&amp#27;[38;5;0m[HTTP]&amp#27;[0m 
&amp#27;[38;5;0m[HTTP]&amp#27;[0m &amp#27;[37m-->&amp#27;[39m &amp#27;[37mPOST&amp#27;[39m &amp#27;[37m/session/5f6fd202-b64f-4bec-80d7-1ff3b3d4151b/element&amp#27;[39m
&amp#27;[38;5;0m[HTTP]&amp#27;[0m {"using":"id","value":"com.androidsample.generalstore:id/nameField"}
[debug] &amp#27;[38;5;32m[AndroidUiautomator2Driver@ae4f (5f6fd202)]&amp#27;[0m Calling AppiumDriver.findElement() with args: ["id","com.androidsample.generalstore:id/nameField","5f6fd202-b64f-4bec-80d7-1ff3b3d4151b"]
[debug] &amp#27;[38;5;32m[AndroidUiautomator2Driver@ae4f (5f6fd202)]&amp#27;[0m Valid locator strategies for this request: xpath, id, class name, accessibility id, css selector, -android uiautomator
[debug] &amp#27;[38;5;32m[AndroidUiautomator2Driver@ae4f (5f6fd202)]&amp#27;[0m Waiting up to 10000 ms for condition
[debug] &amp#27;[38;5;32m[AndroidUiautomator2Driver@ae4f (5f6fd202)]&amp#27;[0m Matched '/element' to command name 'findElement'
[debug] &amp#27;[38;5;32m[AndroidUiautomator2Driver@ae4f (5f6fd202)]&amp#27;[0m Proxying [POST /element] to [POST http://127.0.0.1:8201/session/339cb118-80e7-4a2a-92b3-f1a8f02d8a99/element] with body: {"strategy":"id","selector":"com.androidsample.generalstore:id/nameField","context":"","multiple":false}
&amp#27;[38;5;32m[AndroidUiautomator2Driver@ae4f (5f6fd202)]&amp#27;[0m Got response with status 404: {"sessionId":"339cb118-80e7-4a2a-92b3-f1a8f02d8a99","value":{"error":"no such element","message":"An element could not be located on the page using the given search parameters","stacktrace":"io.appium.uiautomator2.common.exceptions.ElementNotFoundException: An element could not be located on the page using the given search parameters\n\tat io.appium.uiautomator2.handler.FindElement.safeHandle(FindElement.java:63)\n\tat io.appium.uiautomator2.handler.request.SafeRequestHandler.handle(SafeRequestHandler.java:59)\n\tat io.appium.uiautomator2.server.AppiumServlet.handleRequest(AppiumServlet.java:277)\n\tat io.appium.uiautomator2.server.AppiumServlet.handleHttpRequest(AppiumServlet.java:271)\n\tat io.appium.uiautomator2.http.ServerHandler.channelRead(ServerHandler.java:68)\n\tat io.netty.channel.AbstractChannelHandlerContext.invokeChannelRead(AbstractChannelHandlerContext.java:366)\n\tat io.netty.channel.AbstractChannelHandlerContext.invokeChannelRead(AbstractChannelHandlerContext.java:352)\n\tat io.netty.chann...
[debug] &amp#27;[38;5;128m[W3C]&amp#27;[0m Matched W3C error code 'no such element' to NoSuchElementError
[debug] &amp#27;[38;5;32m[AndroidUiautomator2Driver@ae4f (5f6fd202)]&amp#27;[0m Waited for 43 ms so far
[debug] &amp#27;[38;5;32m[AndroidUiautomator2Driver@ae4f (5f6fd202)]&amp#27;[0m Matched '/element' to command name 'findElement'
[debug] &amp#27;[38;5;32m[AndroidUiautomator2Driver@ae4f (5f6fd202)]&amp#27;[0m Proxying [POST /element] to [POST http://127.0.0.1:8201/session/339cb118-80e7-4a2a-92b3-f1a8f02d8a99/element] with body: {"strategy":"id","selector":"com.androidsample.generalstore:id/nameField","context":"","multiple":false}
&amp#27;[38;5;32m[AndroidUiautomator2Driver@ae4f (5f6fd202)]&amp#27;[0m Got response with status 404: {"sessionId":"339cb118-80e7-4a2a-92b3-f1a8f02d8a99","value":{"error":"no such element","message":"An element could not be located on the page using the given search parameters","stacktrace":"io.appium.uiautomator2.common.exceptions.ElementNotFoundException: An element could not be located on the page using the given search parameters\n\tat io.appium.uiautomator2.handler.FindElement.safeHandle(FindElement.java:63)\n\tat io.appium.uiautomator2.handler.request.SafeRequestHandler.handle(SafeRequestHandler.java:59)\n\tat io.appium.uiautomator2.server.AppiumServlet.handleRequest(AppiumServlet.java:277)\n\tat io.appium.uiautomator2.server.AppiumServlet.handleHttpRequest(AppiumServlet.java:271)\n\tat io.appium.uiautomator2.http.ServerHandler.channelRead(ServerHandler.java:68)\n\tat io.netty.channel.AbstractChannelHandlerContext.invokeChannelRead(AbstractChannelHandlerContext.java:366)\n\tat io.netty.channel.AbstractChannelHandlerContext.invokeChannelRead(AbstractChannelHandlerContext.java:352)\n\tat io.netty.chann...
[debug] &amp#27;[38;5;128m[W3C]&amp#27;[0m Matched W3C error code 'no such element' to NoSuchElementError
[debug] &amp#27;[38;5;32m[AndroidUiautomator2Driver@ae4f (5f6fd202)]&amp#27;[0m Waited for 580 ms so far
[debug] &amp#27;[38;5;32m[AndroidUiautomator2Driver@ae4f (5f6fd202)]&amp#27;[0m Matched '/element' to command name 'findElement'
[debug] &amp#27;[38;5;32m[AndroidUiautomator2Driver@ae4f (5f6fd202)]&amp#27;[0m Proxying [POST /element] to [POST http://127.0.0.1:8201/session/339cb118-80e7-4a2a-92b3-f1a8f02d8a99/element] with body: {"strategy":"id","selector":"com.androidsample.generalstore:id/nameField","context":"","multiple":false}
&amp#27;[38;5;32m[AndroidUiautomator2Driver@ae4f (5f6fd202)]&amp#27;[0m Got response with status 404: {"sessionId":"339cb118-80e7-4a2a-92b3-f1a8f02d8a99","value":{"error":"no such element","message":"An element could not be located on the page using the given search parameters","stacktrace":"io.appium.uiautomator2.common.exceptions.ElementNotFoundException: An element could not be located on the page using the given search parameters\n\tat io.appium.uiautomator2.handler.FindElement.safeHandle(FindElement.java:63)\n\tat io.appium.uiautomator2.handler.request.SafeRequestHandler.handle(SafeRequestHandler.java:59)\n\tat io.appium.uiautomator2.server.AppiumServlet.handleRequest(AppiumServlet.java:277)\n\tat io.appium.uiautomator2.server.AppiumServlet.handleHttpRequest(AppiumServlet.java:271)\n\tat io.appium.uiautomator2.http.ServerHandler.channelRead(ServerHandler.java:68)\n\tat io.netty.channel.AbstractChannelHandlerContext.invokeChannelRead(AbstractChannelHandlerContext.java:366)\n\tat io.netty.channel.AbstractChannelHandlerContext.invokeChannelRead(AbstractChannelHandlerContext.java:352)\n\tat io.netty.chann...
[debug] &amp#27;[38;5;128m[W3C]&amp#27;[0m Matched W3C error code 'no such element' to NoSuchElementError
[debug] &amp#27;[38;5;32m[AndroidUiautomator2Driver@ae4f (5f6fd202)]&amp#27;[0m Waited for 1115 ms so far
[debug] &amp#27;[38;5;32m[AndroidUiautomator2Driver@ae4f (5f6fd202)]&amp#27;[0m Matched '/element' to command name 'findElement'
[debug] &amp#27;[38;5;32m[AndroidUiautomator2Driver@ae4f (5f6fd202)]&amp#27;[0m Proxying [POST /element] to [POST http://127.0.0.1:8201/session/339cb118-80e7-4a2a-92b3-f1a8f02d8a99/element] with body: {"strategy":"id","selector":"com.androidsample.generalstore:id/nameField","context":"","multiple":false}
[debug] &amp#27;[38;5;32m[AndroidUiautomator2Driver@ae4f (5f6fd202)]&amp#27;[0m Got response with status 200: {"sessionId":"339cb118-80e7-4a2a-92b3-f1a8f02d8a99","value":{"ELEMENT":"00000000-0000-0098-ffff-ffff0000001c","element-6066-11e4-a52e-4f735466cecf":"00000000-0000-0098-ffff-ffff0000001c"}}
[debug] &amp#27;[38;5;32m[AndroidUiautomator2Driver@ae4f (5f6fd202)]&amp#27;[0m Responding to client with driver.findElement() result: {"element-6066-11e4-a52e-4f735466cecf":"00000000-0000-0098-ffff-ffff0000001c","ELEMENT":"00000000-0000-0098-ffff-ffff0000001c"}
&amp#27;[38;5;0m[HTTP]&amp#27;[0m <-- POST /session/5f6fd202-b64f-4bec-80d7-1ff3b3d4151b/element 200 2205 ms - 137
&amp#27;[38;5;0m[HTTP]&amp#27;[0m 
&amp#27;[38;5;0m[HTTP]&amp#27;[0m &amp#27;[37m-->&amp#27;[39m &amp#27;[37mPOST&amp#27;[39m &amp#27;[37m/session/5f6fd202-b64f-4bec-80d7-1ff3b3d4151b/element/00000000-0000-0098-ffff-ffff0000001c/value&amp#27;[39m
&amp#27;[38;5;0m[HTTP]&amp#27;[0m {"id":"00000000-0000-0098-ffff-ffff0000001c","text":"Osama Ikhlas","value":["O","s","a","m","a"," ","I","k","h","l","a","s"]}
[debug] &amp#27;[38;5;32m[AndroidUiautomator2Driver@ae4f (5f6fd202)]&amp#27;[0m Calling AppiumDriver.setValue() with args: [["O","s","a","m","a"," ","I","k","h","l","a","s"],"00000000-0000-0098-ffff-ffff0000001c","5f6fd202-b64f-4bec-80d7-1ff3b3d4151b"]
[debug] &amp#27;[38;5;32m[AndroidUiautomator2Driver@ae4f (5f6fd202)]&amp#27;[0m Matched '/element/00000000-0000-0098-ffff-ffff0000001c/value' to command name 'setValue'
[debug] &amp#27;[38;5;32m[AndroidUiautomator2Driver@ae4f (5f6fd202)]&amp#27;[0m Added 'value' property ["O","s","a","m","a"," ","I","k","h","l","a","s"] to 'setValue' request body
[debug] &amp#27;[38;5;32m[AndroidUiautomator2Driver@ae4f (5f6fd202)]&amp#27;[0m Proxying [POST /element/00000000-0000-0098-ffff-ffff0000001c/value] to [POST http://127.0.0.1:8201/session/339cb118-80e7-4a2a-92b3-f1a8f02d8a99/element/00000000-0000-0098-ffff-ffff0000001c/value] with body: {"elementId":"00000000-0000-0098-ffff-ffff0000001c","text":"Osama Ikhlas","replace":false,"value":["O","s","a","m","a"," ","I","k","h","l","a","s"]}
[debug] &amp#27;[38;5;32m[AndroidUiautomator2Driver@ae4f (5f6fd202)]&amp#27;[0m Got response with status 200: {"sessionId":"339cb118-80e7-4a2a-92b3-f1a8f02d8a99","value":null}
[debug] &amp#27;[38;5;32m[AndroidUiautomator2Driver@ae4f (5f6fd202)]&amp#27;[0m Responding to client with driver.setValue() result: null
&amp#27;[38;5;0m[HTTP]&amp#27;[0m <-- POST /session/5f6fd202-b64f-4bec-80d7-1ff3b3d4151b/element/00000000-0000-0098-ffff-ffff0000001c/value 200 687 ms - 14
&amp#27;[38;5;0m[HTTP]&amp#27;[0m 
&amp#27;[38;5;0m[HTTP]&amp#27;[0m &amp#27;[37m-->&amp#27;[39m &amp#27;[37mPOST&amp#27;[39m &amp#27;[37m/session/5f6fd202-b64f-4bec-80d7-1ff3b3d4151b/execute/sync&amp#27;[39m
&amp#27;[38;5;0m[HTTP]&amp#27;[0m {"script":"mobile: hideKeyboard","args":[]}
[debug] &amp#27;[38;5;32m[AndroidUiautomator2Driver@ae4f (5f6fd202)]&amp#27;[0m Calling AppiumDriver.execute() with args: ["mobile: hideKeyboard",[],"5f6fd202-b64f-4bec-80d7-1ff3b3d4151b"]
&amp#27;[38;5;32m[AndroidUiautomator2Driver@ae4f (5f6fd202)]&amp#27;[0m Executing native command 'mobile: hideKeyboard'
[debug] &amp#27;[38;5;64m[ADB]&amp#27;[0m Running '/users/oikhlas/Library/Android/sdk/platform-tools/adb -P 5037 -s emulator-5554 shell dumpsys input_method'
&amp#27;[38;5;64m[ADB]&amp#27;[0m Keyboard has no UI; no closing necessary
[debug] &amp#27;[38;5;32m[AndroidUiautomator2Driver@ae4f (5f6fd202)]&amp#27;[0m Responding to client with driver.execute() result: false
&amp#27;[38;5;0m[HTTP]&amp#27;[0m <-- POST /session/5f6fd202-b64f-4bec-80d7-1ff3b3d4151b/execute/sync 200 375 ms - 15
&amp#27;[38;5;0m[HTTP]&amp#27;[0m 
&amp#27;[38;5;0m[HTTP]&amp#27;[0m &amp#27;[37m-->&amp#27;[39m &amp#27;[37mGET&amp#27;[39m &amp#27;[37m/session/5f6fd202-b64f-4bec-80d7-1ff3b3d4151b/context&amp#27;[39m
&amp#27;[38;5;0m[HTTP]&amp#27;[0m {}
[debug] &amp#27;[38;5;32m[AndroidUiautomator2Driver@ae4f (5f6fd202)]&amp#27;[0m Calling AppiumDriver.getCurrentContext() with args: ["5f6fd202-b64f-4bec-80d7-1ff3b3d4151b"]
[debug] &amp#27;[38;5;32m[AndroidUiautomator2Driver@ae4f (5f6fd202)]&amp#27;[0m Responding to client with driver.getCurrentContext() result: "NATIVE_APP"
&amp#27;[38;5;0m[HTTP]&amp#27;[0m <-- GET /session/5f6fd202-b64f-4bec-80d7-1ff3b3d4151b/context 200 2 ms - 22
&amp#27;[38;5;0m[HTTP]&amp#27;[0m 
&amp#27;[38;5;0m[HTTP]&amp#27;[0m &amp#27;[37m-->&amp#27;[39m &amp#27;[37mPOST&amp#27;[39m &amp#27;[37m/session/5f6fd202-b64f-4bec-80d7-1ff3b3d4151b/element&amp#27;[39m
&amp#27;[38;5;0m[HTTP]&amp#27;[0m {"using":"id","value":"com.androidsample.generalstore:id/radioMale"}
[debug] &amp#27;[38;5;32m[AndroidUiautomator2Driver@ae4f (5f6fd202)]&amp#27;[0m Calling AppiumDriver.findElement() with args: ["id","com.androidsample.generalstore:id/radioMale","5f6fd202-b64f-4bec-80d7-1ff3b3d4151b"]
[debug] &amp#27;[38;5;32m[AndroidUiautomator2Driver@ae4f (5f6fd202)]&amp#27;[0m Valid locator strategies for this request: xpath, id, class name, accessibility id, css selector, -android uiautomator
[debug] &amp#27;[38;5;32m[AndroidUiautomator2Driver@ae4f (5f6fd202)]&amp#27;[0m Waiting up to 10000 ms for condition
[debug] &amp#27;[38;5;32m[AndroidUiautomator2Driver@ae4f (5f6fd202)]&amp#27;[0m Matched '/element' to command name 'findElement'
[debug] &amp#27;[38;5;32m[AndroidUiautomator2Driver@ae4f (5f6fd202)]&amp#27;[0m Proxying [POST /element] to [POST http://127.0.0.1:8201/session/339cb118-80e7-4a2a-92b3-f1a8f02d8a99/element] with body: {"strategy":"id","selector":"com.androidsample.generalstore:id/radioMale","context":"","multiple":false}
[debug] &amp#27;[38;5;32m[AndroidUiautomator2Driver@ae4f (5f6fd202)]&amp#27;[0m Got response with status 200: {"sessionId":"339cb118-80e7-4a2a-92b3-f1a8f02d8a99","value":{"ELEMENT":"00000000-0000-0098-ffff-ffff0000001f","element-6066-11e4-a52e-4f735466cecf":"00000000-0000-0098-ffff-ffff0000001f"}}
[debug] &amp#27;[38;5;32m[AndroidUiautomator2Driver@ae4f (5f6fd202)]&amp#27;[0m Responding to client with driver.findElement() result: {"element-6066-11e4-a52e-4f735466cecf":"00000000-0000-0098-ffff-ffff0000001f","ELEMENT":"00000000-0000-0098-ffff-ffff0000001f"}
&amp#27;[38;5;0m[HTTP]&amp#27;[0m <-- POST /session/5f6fd202-b64f-4bec-80d7-1ff3b3d4151b/element 200 149 ms - 137
&amp#27;[38;5;0m[HTTP]&amp#27;[0m 
&amp#27;[38;5;0m[HTTP]&amp#27;[0m &amp#27;[37m-->&amp#27;[39m &amp#27;[37mPOST&amp#27;[39m &amp#27;[37m/session/5f6fd202-b64f-4bec-80d7-1ff3b3d4151b/element/00000000-0000-0098-ffff-ffff0000001f/click&amp#27;[39m
&amp#27;[38;5;0m[HTTP]&amp#27;[0m {"id":"00000000-0000-0098-ffff-ffff0000001f"}
[debug] &amp#27;[38;5;32m[AndroidUiautomator2Driver@ae4f (5f6fd202)]&amp#27;[0m Calling AppiumDriver.click() with args: ["00000000-0000-0098-ffff-ffff0000001f","5f6fd202-b64f-4bec-80d7-1ff3b3d4151b"]
[debug] &amp#27;[38;5;32m[AndroidUiautomator2Driver@ae4f (5f6fd202)]&amp#27;[0m Matched '/element/00000000-0000-0098-ffff-ffff0000001f/click' to command name 'click'
[debug] &amp#27;[38;5;32m[AndroidUiautomator2Driver@ae4f (5f6fd202)]&amp#27;[0m Proxying [POST /element/00000000-0000-0098-ffff-ffff0000001f/click] to [POST http://127.0.0.1:8201/session/339cb118-80e7-4a2a-92b3-f1a8f02d8a99/element/00000000-0000-0098-ffff-ffff0000001f/click] with body: {"element":"00000000-0000-0098-ffff-ffff0000001f"}
[debug] &amp#27;[38;5;32m[AndroidUiautomator2Driver@ae4f (5f6fd202)]&amp#27;[0m Got response with status 200: {"sessionId":"339cb118-80e7-4a2a-92b3-f1a8f02d8a99","value":null}
[debug] &amp#27;[38;5;32m[AndroidUiautomator2Driver@ae4f (5f6fd202)]&amp#27;[0m Responding to client with driver.click() result: null
&amp#27;[38;5;0m[HTTP]&amp#27;[0m <-- POST /session/5f6fd202-b64f-4bec-80d7-1ff3b3d4151b/element/00000000-0000-0098-ffff-ffff0000001f/click 200 45 ms - 14
&amp#27;[38;5;0m[HTTP]&amp#27;[0m 
&amp#27;[38;5;0m[HTTP]&amp#27;[0m &amp#27;[37m-->&amp#27;[39m &amp#27;[37mGET&amp#27;[39m &amp#27;[37m/session/5f6fd202-b64f-4bec-80d7-1ff3b3d4151b/context&amp#27;[39m
&amp#27;[38;5;0m[HTTP]&amp#27;[0m {}
[debug] &amp#27;[38;5;32m[AndroidUiautomator2Driver@ae4f (5f6fd202)]&amp#27;[0m Calling AppiumDriver.getCurrentContext() with args: ["5f6fd202-b64f-4bec-80d7-1ff3b3d4151b"]
[debug] &amp#27;[38;5;32m[AndroidUiautomator2Driver@ae4f (5f6fd202)]&amp#27;[0m Responding to client with driver.getCurrentContext() result: "NATIVE_APP"
&amp#27;[38;5;0m[HTTP]&amp#27;[0m <-- GET /session/5f6fd202-b64f-4bec-80d7-1ff3b3d4151b/context 200 1 ms - 22
&amp#27;[38;5;0m[HTTP]&amp#27;[0m 
&amp#27;[38;5;0m[HTTP]&amp#27;[0m &amp#27;[37m-->&amp#27;[39m &amp#27;[37mPOST&amp#27;[39m &amp#27;[37m/session/5f6fd202-b64f-4bec-80d7-1ff3b3d4151b/element&amp#27;[39m
&amp#27;[38;5;0m[HTTP]&amp#27;[0m {"using":"id","value":"com.androidsample.generalstore:id/spinnerCountry"}
[debug] &amp#27;[38;5;32m[AndroidUiautomator2Driver@ae4f (5f6fd202)]&amp#27;[0m Calling AppiumDriver.findElement() with args: ["id","com.androidsample.generalstore:id/spinnerCountry","5f6fd202-b64f-4bec-80d7-1ff3b3d4151b"]
[debug] &amp#27;[38;5;32m[AndroidUiautomator2Driver@ae4f (5f6fd202)]&amp#27;[0m Valid locator strategies for this request: xpath, id, class name, accessibility id, css selector, -android uiautomator
[debug] &amp#27;[38;5;32m[AndroidUiautomator2Driver@ae4f (5f6fd202)]&amp#27;[0m Waiting up to 10000 ms for condition
[debug] &amp#27;[38;5;32m[AndroidUiautomator2Driver@ae4f (5f6fd202)]&amp#27;[0m Matched '/element' to command name 'findElement'
[debug] &amp#27;[38;5;32m[AndroidUiautomator2Driver@ae4f (5f6fd202)]&amp#27;[0m Proxying [POST /element] to [POST http://127.0.0.1:8201/session/339cb118-80e7-4a2a-92b3-f1a8f02d8a99/element] with body: {"strategy":"id","selector":"com.androidsample.generalstore:id/spinnerCountry","context":"","multiple":false}
[debug] &amp#27;[38;5;32m[AndroidUiautomator2Driver@ae4f (5f6fd202)]&amp#27;[0m Got response with status 200: {"sessionId":"339cb118-80e7-4a2a-92b3-f1a8f02d8a99","value":{"ELEMENT":"00000000-0000-0098-ffff-ffff0000001a","element-6066-11e4-a52e-4f735466cecf":"00000000-0000-0098-ffff-ffff0000001a"}}
[debug] &amp#27;[38;5;32m[AndroidUiautomator2Driver@ae4f (5f6fd202)]&amp#27;[0m Responding to client with driver.findElement() result: {"element-6066-11e4-a52e-4f735466cecf":"00000000-0000-0098-ffff-ffff0000001a","ELEMENT":"00000000-0000-0098-ffff-ffff0000001a"}
&amp#27;[38;5;0m[HTTP]&amp#27;[0m <-- POST /session/5f6fd202-b64f-4bec-80d7-1ff3b3d4151b/element 200 119 ms - 137
&amp#27;[38;5;0m[HTTP]&amp#27;[0m 
&amp#27;[38;5;0m[HTTP]&amp#27;[0m &amp#27;[37m-->&amp#27;[39m &amp#27;[37mPOST&amp#27;[39m &amp#27;[37m/session/5f6fd202-b64f-4bec-80d7-1ff3b3d4151b/element/00000000-0000-0098-ffff-ffff0000001a/click&amp#27;[39m
&amp#27;[38;5;0m[HTTP]&amp#27;[0m {"id":"00000000-0000-0098-ffff-ffff0000001a"}
[debug] &amp#27;[38;5;32m[AndroidUiautomator2Driver@ae4f (5f6fd202)]&amp#27;[0m Calling AppiumDriver.click() with args: ["00000000-0000-0098-ffff-ffff0000001a","5f6fd202-b64f-4bec-80d7-1ff3b3d4151b"]
[debug] &amp#27;[38;5;32m[AndroidUiautomator2Driver@ae4f (5f6fd202)]&amp#27;[0m Matched '/element/00000000-0000-0098-ffff-ffff0000001a/click' to command name 'click'
[debug] &amp#27;[38;5;32m[AndroidUiautomator2Driver@ae4f (5f6fd202)]&amp#27;[0m Proxying [POST /element/00000000-0000-0098-ffff-ffff0000001a/click] to [POST http://127.0.0.1:8201/session/339cb118-80e7-4a2a-92b3-f1a8f02d8a99/element/00000000-0000-0098-ffff-ffff0000001a/click] with body: {"element":"00000000-0000-0098-ffff-ffff0000001a"}
[debug] &amp#27;[38;5;32m[AndroidUiautomator2Driver@ae4f (5f6fd202)]&amp#27;[0m Got response with status 200: {"sessionId":"339cb118-80e7-4a2a-92b3-f1a8f02d8a99","value":null}
[debug] &amp#27;[38;5;32m[AndroidUiautomator2Driver@ae4f (5f6fd202)]&amp#27;[0m Responding to client with driver.click() result: null
&amp#27;[38;5;0m[HTTP]&amp#27;[0m <-- POST /session/5f6fd202-b64f-4bec-80d7-1ff3b3d4151b/element/00000000-0000-0098-ffff-ffff0000001a/click 200 447 ms - 14
&amp#27;[38;5;0m[HTTP]&amp#27;[0m 
&amp#27;[38;5;0m[HTTP]&amp#27;[0m &amp#27;[37m-->&amp#27;[39m &amp#27;[37mPOST&amp#27;[39m &amp#27;[37m/session/5f6fd202-b64f-4bec-80d7-1ff3b3d4151b/element&amp#27;[39m
&amp#27;[38;5;0m[HTTP]&amp#27;[0m {"using":"-android uiautomator","value":"new UiScrollable(new UiSelector()).scrollIntoView(text(\"Argentina\"));"}
[debug] &amp#27;[38;5;32m[AndroidUiautomator2Driver@ae4f (5f6fd202)]&amp#27;[0m Calling AppiumDriver.findElement() with args: ["-android uiautomator","new UiScrollable(new UiSelector()).scrollIntoView(text(\"Argentina\"));","5f6fd202-b64f-4bec-80d7-1ff3b3d4151b"]
[debug] &amp#27;[38;5;32m[AndroidUiautomator2Driver@ae4f (5f6fd202)]&amp#27;[0m Valid locator strategies for this request: xpath, id, class name, accessibility id, css selector, -android uiautomator
[debug] &amp#27;[38;5;32m[AndroidUiautomator2Driver@ae4f (5f6fd202)]&amp#27;[0m Waiting up to 10000 ms for condition
[debug] &amp#27;[38;5;32m[AndroidUiautomator2Driver@ae4f (5f6fd202)]&amp#27;[0m Matched '/element' to command name 'findElement'
[debug] &amp#27;[38;5;32m[AndroidUiautomator2Driver@ae4f (5f6fd202)]&amp#27;[0m Proxying [POST /element] to [POST http://127.0.0.1:8201/session/339cb118-80e7-4a2a-92b3-f1a8f02d8a99/element] with body: {"strategy":"-android uiautomator","selector":"new UiScrollable(new UiSelector()).scrollIntoView(text(\"Argentina\"));","context":"","multiple":false}
[debug] &amp#27;[38;5;32m[AndroidUiautomator2Driver@ae4f (5f6fd202)]&amp#27;[0m Got response with status 200: {"sessionId":"339cb118-80e7-4a2a-92b3-f1a8f02d8a99","value":{"ELEMENT":"00000000-0000-0099-ffff-ffff00000032","element-6066-11e4-a52e-4f735466cecf":"00000000-0000-0099-ffff-ffff00000032"}}
[debug] &amp#27;[38;5;32m[AndroidUiautomator2Driver@ae4f (5f6fd202)]&amp#27;[0m Responding to client with driver.findElement() result: {"element-6066-11e4-a52e-4f735466cecf":"00000000-0000-0099-ffff-ffff00000032","ELEMENT":"00000000-0000-0099-ffff-ffff00000032"}
&amp#27;[38;5;0m[HTTP]&amp#27;[0m <-- POST /session/5f6fd202-b64f-4bec-80d7-1ff3b3d4151b/element 200 5548 ms - 137
&amp#27;[38;5;0m[HTTP]&amp#27;[0m 
&amp#27;[38;5;0m[HTTP]&amp#27;[0m &amp#27;[37m-->&amp#27;[39m &amp#27;[37mPOST&amp#27;[39m &amp#27;[37m/session/5f6fd202-b64f-4bec-80d7-1ff3b3d4151b/element&amp#27;[39m
&amp#27;[38;5;0m[HTTP]&amp#27;[0m {"using":"xpath","value":"//android.widget.TextView[@text='Argentina']"}
[debug] &amp#27;[38;5;32m[AndroidUiautomator2Driver@ae4f (5f6fd202)]&amp#27;[0m Calling AppiumDriver.findElement() with args: ["xpath","//android.widget.TextView[@text='Argentina']","5f6fd202-b64f-4bec-80d7-1ff3b3d4151b"]
[debug] &amp#27;[38;5;32m[AndroidUiautomator2Driver@ae4f (5f6fd202)]&amp#27;[0m Valid locator strategies for this request: xpath, id, class name, accessibility id, css selector, -android uiautomator
[debug] &amp#27;[38;5;32m[AndroidUiautomator2Driver@ae4f (5f6fd202)]&amp#27;[0m Waiting up to 10000 ms for condition
[debug] &amp#27;[38;5;32m[AndroidUiautomator2Driver@ae4f (5f6fd202)]&amp#27;[0m Matched '/element' to command name 'findElement'
[debug] &amp#27;[38;5;32m[AndroidUiautomator2Driver@ae4f (5f6fd202)]&amp#27;[0m Proxying [POST /element] to [POST http://127.0.0.1:8201/session/339cb118-80e7-4a2a-92b3-f1a8f02d8a99/element] with body: {"strategy":"xpath","selector":"//android.widget.TextView[@text='Argentina']","context":"","multiple":false}
[debug] &amp#27;[38;5;32m[AndroidUiautomator2Driver@ae4f (5f6fd202)]&amp#27;[0m Got response with status 200: {"sessionId":"339cb118-80e7-4a2a-92b3-f1a8f02d8a99","value":{"ELEMENT":"00000000-0000-0099-ffff-ffff00000032","element-6066-11e4-a52e-4f735466cecf":"00000000-0000-0099-ffff-ffff00000032"}}
[debug] &amp#27;[38;5;32m[AndroidUiautomator2Driver@ae4f (5f6fd202)]&amp#27;[0m Responding to client with driver.findElement() result: {"element-6066-11e4-a52e-4f735466cecf":"00000000-0000-0099-ffff-ffff00000032","ELEMENT":"00000000-0000-0099-ffff-ffff00000032"}
&amp#27;[38;5;0m[HTTP]&amp#27;[0m <-- POST /session/5f6fd202-b64f-4bec-80d7-1ff3b3d4151b/element 200 1218 ms - 137
&amp#27;[38;5;0m[HTTP]&amp#27;[0m 
&amp#27;[38;5;0m[HTTP]&amp#27;[0m &amp#27;[37m-->&amp#27;[39m &amp#27;[37mPOST&amp#27;[39m &amp#27;[37m/session/5f6fd202-b64f-4bec-80d7-1ff3b3d4151b/element/00000000-0000-0099-ffff-ffff00000032/click&amp#27;[39m
&amp#27;[38;5;0m[HTTP]&amp#27;[0m {"id":"00000000-0000-0099-ffff-ffff00000032"}
[debug] &amp#27;[38;5;32m[AndroidUiautomator2Driver@ae4f (5f6fd202)]&amp#27;[0m Calling AppiumDriver.click() with args: ["00000000-0000-0099-ffff-ffff00000032","5f6fd202-b64f-4bec-80d7-1ff3b3d4151b"]
[debug] &amp#27;[38;5;32m[AndroidUiautomator2Driver@ae4f (5f6fd202)]&amp#27;[0m Matched '/element/00000000-0000-0099-ffff-ffff00000032/click' to command name 'click'
[debug] &amp#27;[38;5;32m[AndroidUiautomator2Driver@ae4f (5f6fd202)]&amp#27;[0m Proxying [POST /element/00000000-0000-0099-ffff-ffff00000032/click] to [POST http://127.0.0.1:8201/session/339cb118-80e7-4a2a-92b3-f1a8f02d8a99/element/00000000-0000-0099-ffff-ffff00000032/click] with body: {"element":"00000000-0000-0099-ffff-ffff00000032"}
[debug] &amp#27;[38;5;32m[AndroidUiautomator2Driver@ae4f (5f6fd202)]&amp#27;[0m Got response with status 200: {"sessionId":"339cb118-80e7-4a2a-92b3-f1a8f02d8a99","value":null}
[debug] &amp#27;[38;5;32m[AndroidUiautomator2Driver@ae4f (5f6fd202)]&amp#27;[0m Responding to client with driver.click() result: null
&amp#27;[38;5;0m[HTTP]&amp#27;[0m <-- POST /session/5f6fd202-b64f-4bec-80d7-1ff3b3d4151b/element/00000000-0000-0099-ffff-ffff00000032/click 200 756 ms - 14
&amp#27;[38;5;0m[HTTP]&amp#27;[0m 
&amp#27;[38;5;0m[HTTP]&amp#27;[0m &amp#27;[37m-->&amp#27;[39m &amp#27;[37mGET&amp#27;[39m &amp#27;[37m/session/5f6fd202-b64f-4bec-80d7-1ff3b3d4151b/context&amp#27;[39m
&amp#27;[38;5;0m[HTTP]&amp#27;[0m {}
[debug] &amp#27;[38;5;32m[AndroidUiautomator2Driver@ae4f (5f6fd202)]&amp#27;[0m Calling AppiumDriver.getCurrentContext() with args: ["5f6fd202-b64f-4bec-80d7-1ff3b3d4151b"]
[debug] &amp#27;[38;5;32m[AndroidUiautomator2Driver@ae4f (5f6fd202)]&amp#27;[0m Responding to client with driver.getCurrentContext() result: "NATIVE_APP"
&amp#27;[38;5;0m[HTTP]&amp#27;[0m <-- GET /session/5f6fd202-b64f-4bec-80d7-1ff3b3d4151b/context 200 1 ms - 22
&amp#27;[38;5;0m[HTTP]&amp#27;[0m 
&amp#27;[38;5;0m[HTTP]&amp#27;[0m &amp#27;[37m-->&amp#27;[39m &amp#27;[37mPOST&amp#27;[39m &amp#27;[37m/session/5f6fd202-b64f-4bec-80d7-1ff3b3d4151b/element&amp#27;[39m
&amp#27;[38;5;0m[HTTP]&amp#27;[0m {"using":"id","value":"com.androidsample.generalstore:id/btnLetsShop"}
[debug] &amp#27;[38;5;32m[AndroidUiautomator2Driver@ae4f (5f6fd202)]&amp#27;[0m Calling AppiumDriver.findElement() with args: ["id","com.androidsample.generalstore:id/btnLetsShop","5f6fd202-b64f-4bec-80d7-1ff3b3d4151b"]
[debug] &amp#27;[38;5;32m[AndroidUiautomator2Driver@ae4f (5f6fd202)]&amp#27;[0m Valid locator strategies for this request: xpath, id, class name, accessibility id, css selector, -android uiautomator
[debug] &amp#27;[38;5;32m[AndroidUiautomator2Driver@ae4f (5f6fd202)]&amp#27;[0m Waiting up to 10000 ms for condition
[debug] &amp#27;[38;5;32m[AndroidUiautomator2Driver@ae4f (5f6fd202)]&amp#27;[0m Matched '/element' to command name 'findElement'
[debug] &amp#27;[38;5;32m[AndroidUiautomator2Driver@ae4f (5f6fd202)]&amp#27;[0m Proxying [POST /element] to [POST http://127.0.0.1:8201/session/339cb118-80e7-4a2a-92b3-f1a8f02d8a99/element] with body: {"strategy":"id","selector":"com.androidsample.generalstore:id/btnLetsShop","context":"","multiple":false}
[debug] &amp#27;[38;5;32m[AndroidUiautomator2Driver@ae4f (5f6fd202)]&amp#27;[0m Got response with status 200: {"sessionId":"339cb118-80e7-4a2a-92b3-f1a8f02d8a99","value":{"ELEMENT":"00000000-0000-0098-ffff-ffff00000021","element-6066-11e4-a52e-4f735466cecf":"00000000-0000-0098-ffff-ffff00000021"}}
[debug] &amp#27;[38;5;32m[AndroidUiautomator2Driver@ae4f (5f6fd202)]&amp#27;[0m Responding to client with driver.findElement() result: {"element-6066-11e4-a52e-4f735466cecf":"00000000-0000-0098-ffff-ffff00000021","ELEMENT":"00000000-0000-0098-ffff-ffff00000021"}
&amp#27;[38;5;0m[HTTP]&amp#27;[0m <-- POST /session/5f6fd202-b64f-4bec-80d7-1ff3b3d4151b/element 200 64 ms - 137
&amp#27;[38;5;0m[HTTP]&amp#27;[0m 
&amp#27;[38;5;0m[HTTP]&amp#27;[0m &amp#27;[37m-->&amp#27;[39m &amp#27;[37mPOST&amp#27;[39m &amp#27;[37m/session/5f6fd202-b64f-4bec-80d7-1ff3b3d4151b/element/00000000-0000-0098-ffff-ffff00000021/click&amp#27;[39m
&amp#27;[38;5;0m[HTTP]&amp#27;[0m {"id":"00000000-0000-0098-ffff-ffff00000021"}
[debug] &amp#27;[38;5;32m[AndroidUiautomator2Driver@ae4f (5f6fd202)]&amp#27;[0m Calling AppiumDriver.click() with args: ["00000000-0000-0098-ffff-ffff00000021","5f6fd202-b64f-4bec-80d7-1ff3b3d4151b"]
[debug] &amp#27;[38;5;32m[AndroidUiautomator2Driver@ae4f (5f6fd202)]&amp#27;[0m Matched '/element/00000000-0000-0098-ffff-ffff00000021/click' to command name 'click'
[debug] &amp#27;[38;5;32m[AndroidUiautomator2Driver@ae4f (5f6fd202)]&amp#27;[0m Proxying [POST /element/00000000-0000-0098-ffff-ffff00000021/click] to [POST http://127.0.0.1:8201/session/339cb118-80e7-4a2a-92b3-f1a8f02d8a99/element/00000000-0000-0098-ffff-ffff00000021/click] with body: {"element":"00000000-0000-0098-ffff-ffff00000021"}
[debug] &amp#27;[38;5;32m[AndroidUiautomator2Driver@ae4f (5f6fd202)]&amp#27;[0m Got response with status 200: {"sessionId":"339cb118-80e7-4a2a-92b3-f1a8f02d8a99","value":null}
[debug] &amp#27;[38;5;32m[AndroidUiautomator2Driver@ae4f (5f6fd202)]&amp#27;[0m Responding to client with driver.click() result: null
&amp#27;[38;5;0m[HTTP]&amp#27;[0m <-- POST /session/5f6fd202-b64f-4bec-80d7-1ff3b3d4151b/element/00000000-0000-0098-ffff-ffff00000021/click 200 77 ms - 14
&amp#27;[38;5;0m[HTTP]&amp#27;[0m 
&amp#27;[38;5;0m[HTTP]&amp#27;[0m &amp#27;[37m-->&amp#27;[39m &amp#27;[37mGET&amp#27;[39m &amp#27;[37m/session/5f6fd202-b64f-4bec-80d7-1ff3b3d4151b/context&amp#27;[39m
&amp#27;[38;5;0m[HTTP]&amp#27;[0m {}
[debug] &amp#27;[38;5;32m[AndroidUiautomator2Driver@ae4f (5f6fd202)]&amp#27;[0m Calling AppiumDriver.getCurrentContext() with args: ["5f6fd202-b64f-4bec-80d7-1ff3b3d4151b"]
[debug] &amp#27;[38;5;32m[AndroidUiautomator2Driver@ae4f (5f6fd202)]&amp#27;[0m Responding to client with driver.getCurrentContext() result: "NATIVE_APP"
&amp#27;[38;5;0m[HTTP]&amp#27;[0m <-- GET /session/5f6fd202-b64f-4bec-80d7-1ff3b3d4151b/context 200 2 ms - 22
&amp#27;[38;5;0m[HTTP]&amp#27;[0m 
&amp#27;[38;5;0m[HTTP]&amp#27;[0m &amp#27;[37m-->&amp#27;[39m &amp#27;[37mPOST&amp#27;[39m &amp#27;[37m/session/5f6fd202-b64f-4bec-80d7-1ff3b3d4151b/elements&amp#27;[39m
&amp#27;[38;5;0m[HTTP]&amp#27;[0m {"using":"xpath","value":"//android.widget.TextView[@text='ADD TO CART']"}
[debug] &amp#27;[38;5;32m[AndroidUiautomator2Driver@ae4f (5f6fd202)]&amp#27;[0m Calling AppiumDriver.findElements() with args: ["xpath","//android.widget.TextView[@text='ADD TO CART']","5f6fd202-b64f-4bec-80d7-1ff3b3d4151b"]
[debug] &amp#27;[38;5;32m[AndroidUiautomator2Driver@ae4f (5f6fd202)]&amp#27;[0m Valid locator strategies for this request: xpath, id, class name, accessibility id, css selector, -android uiautomator
[debug] &amp#27;[38;5;32m[AndroidUiautomator2Driver@ae4f (5f6fd202)]&amp#27;[0m Waiting up to 10000 ms for condition
[debug] &amp#27;[38;5;32m[AndroidUiautomator2Driver@ae4f (5f6fd202)]&amp#27;[0m Matched '/elements' to command name 'findElements'
[debug] &amp#27;[38;5;32m[AndroidUiautomator2Driver@ae4f (5f6fd202)]&amp#27;[0m Proxying [POST /elements] to [POST http://127.0.0.1:8201/session/339cb118-80e7-4a2a-92b3-f1a8f02d8a99/elements] with body: {"strategy":"xpath","selector":"//android.widget.TextView[@text='ADD TO CART']","context":"","multiple":true}
[debug] &amp#27;[38;5;32m[AndroidUiautomator2Driver@ae4f (5f6fd202)]&amp#27;[0m Got response with status 200: {"sessionId":"339cb118-80e7-4a2a-92b3-f1a8f02d8a99","value":[{"ELEMENT":"00000000-0000-009a-ffff-ffff00000051","element-6066-11e4-a52e-4f735466cecf":"00000000-0000-009a-ffff-ffff00000051"},{"ELEMENT":"00000000-0000-009a-ffff-ffff00000059","element-6066-11e4-a52e-4f735466cecf":"00000000-0000-009a-ffff-ffff00000059"}]}
[debug] &amp#27;[38;5;32m[AndroidUiautomator2Driver@ae4f (5f6fd202)]&amp#27;[0m Responding to client with driver.findElements() result: [{"element-6066-11e4-a52e-4f735466cecf":"00000000-0000-009a-ffff-ffff00000051","ELEMENT":"00000000-0000-009a-ffff-ffff00000051"},{"element-6066-11e4-a52e-4f735466cecf":"00000000-0000-009a-ffff-ffff00000059","ELEMENT":"00000000-0000-009a-ffff-ffff00000059"}]
&amp#27;[38;5;0m[HTTP]&amp#27;[0m <-- POST /session/5f6fd202-b64f-4bec-80d7-1ff3b3d4151b/elements 200 1744 ms - 267
&amp#27;[38;5;0m[HTTP]&amp#27;[0m 
&amp#27;[38;5;0m[HTTP]&amp#27;[0m &amp#27;[37m-->&amp#27;[39m &amp#27;[37mPOST&amp#27;[39m &amp#27;[37m/session/5f6fd202-b64f-4bec-80d7-1ff3b3d4151b/element/00000000-0000-009a-ffff-ffff00000051/click&amp#27;[39m
&amp#27;[38;5;0m[HTTP]&amp#27;[0m {"id":"00000000-0000-009a-ffff-ffff00000051"}
[debug] &amp#27;[38;5;32m[AndroidUiautomator2Driver@ae4f (5f6fd202)]&amp#27;[0m Calling AppiumDriver.click() with args: ["00000000-0000-009a-ffff-ffff00000051","5f6fd202-b64f-4bec-80d7-1ff3b3d4151b"]
[debug] &amp#27;[38;5;32m[AndroidUiautomator2Driver@ae4f (5f6fd202)]&amp#27;[0m Matched '/element/00000000-0000-009a-ffff-ffff00000051/click' to command name 'click'
[debug] &amp#27;[38;5;32m[AndroidUiautomator2Driver@ae4f (5f6fd202)]&amp#27;[0m Proxying [POST /element/00000000-0000-009a-ffff-ffff00000051/click] to [POST http://127.0.0.1:8201/session/339cb118-80e7-4a2a-92b3-f1a8f02d8a99/element/00000000-0000-009a-ffff-ffff00000051/click] with body: {"element":"00000000-0000-009a-ffff-ffff00000051"}
[debug] &amp#27;[38;5;32m[AndroidUiautomator2Driver@ae4f (5f6fd202)]&amp#27;[0m Got response with status 200: {"sessionId":"339cb118-80e7-4a2a-92b3-f1a8f02d8a99","value":null}
[debug] &amp#27;[38;5;32m[AndroidUiautomator2Driver@ae4f (5f6fd202)]&amp#27;[0m Responding to client with driver.click() result: null
&amp#27;[38;5;0m[HTTP]&amp#27;[0m <-- POST /session/5f6fd202-b64f-4bec-80d7-1ff3b3d4151b/element/00000000-0000-009a-ffff-ffff00000051/click 200 557 ms - 14
&amp#27;[38;5;0m[HTTP]&amp#27;[0m 
&amp#27;[38;5;0m[HTTP]&amp#27;[0m &amp#27;[37m-->&amp#27;[39m &amp#27;[37mGET&amp#27;[39m &amp#27;[37m/session/5f6fd202-b64f-4bec-80d7-1ff3b3d4151b/context&amp#27;[39m
&amp#27;[38;5;0m[HTTP]&amp#27;[0m {}
[debug] &amp#27;[38;5;32m[AndroidUiautomator2Driver@ae4f (5f6fd202)]&amp#27;[0m Calling AppiumDriver.getCurrentContext() with args: ["5f6fd202-b64f-4bec-80d7-1ff3b3d4151b"]
[debug] &amp#27;[38;5;32m[AndroidUiautomator2Driver@ae4f (5f6fd202)]&amp#27;[0m Responding to client with driver.getCurrentContext() result: "NATIVE_APP"
&amp#27;[38;5;0m[HTTP]&amp#27;[0m <-- GET /session/5f6fd202-b64f-4bec-80d7-1ff3b3d4151b/context 200 1 ms - 22
&amp#27;[38;5;0m[HTTP]&amp#27;[0m 
&amp#27;[38;5;0m[HTTP]&amp#27;[0m &amp#27;[37m-->&amp#27;[39m &amp#27;[37mPOST&amp#27;[39m &amp#27;[37m/session/5f6fd202-b64f-4bec-80d7-1ff3b3d4151b/elements&amp#27;[39m
&amp#27;[38;5;0m[HTTP]&amp#27;[0m {"using":"xpath","value":"//android.widget.TextView[@text='ADD TO CART']"}
[debug] &amp#27;[38;5;32m[AndroidUiautomator2Driver@ae4f (5f6fd202)]&amp#27;[0m Calling AppiumDriver.findElements() with args: ["xpath","//android.widget.TextView[@text='ADD TO CART']","5f6fd202-b64f-4bec-80d7-1ff3b3d4151b"]
[debug] &amp#27;[38;5;32m[AndroidUiautomator2Driver@ae4f (5f6fd202)]&amp#27;[0m Valid locator strategies for this request: xpath, id, class name, accessibility id, css selector, -android uiautomator
[debug] &amp#27;[38;5;32m[AndroidUiautomator2Driver@ae4f (5f6fd202)]&amp#27;[0m Waiting up to 10000 ms for condition
[debug] &amp#27;[38;5;32m[AndroidUiautomator2Driver@ae4f (5f6fd202)]&amp#27;[0m Matched '/elements' to command name 'findElements'
[debug] &amp#27;[38;5;32m[AndroidUiautomator2Driver@ae4f (5f6fd202)]&amp#27;[0m Proxying [POST /elements] to [POST http://127.0.0.1:8201/session/339cb118-80e7-4a2a-92b3-f1a8f02d8a99/elements] with body: {"strategy":"xpath","selector":"//android.widget.TextView[@text='ADD TO CART']","context":"","multiple":true}
[debug] &amp#27;[38;5;32m[AndroidUiautomator2Driver@ae4f (5f6fd202)]&amp#27;[0m Got response with status 200: {"sessionId":"339cb118-80e7-4a2a-92b3-f1a8f02d8a99","value":[{"ELEMENT":"00000000-0000-009a-ffff-ffff00000059","element-6066-11e4-a52e-4f735466cecf":"00000000-0000-009a-ffff-ffff00000059"}]}
[debug] &amp#27;[38;5;32m[AndroidUiautomator2Driver@ae4f (5f6fd202)]&amp#27;[0m Responding to client with driver.findElements() result: [{"element-6066-11e4-a52e-4f735466cecf":"00000000-0000-009a-ffff-ffff00000059","ELEMENT":"00000000-0000-009a-ffff-ffff00000059"}]
&amp#27;[38;5;0m[HTTP]&amp#27;[0m <-- POST /session/5f6fd202-b64f-4bec-80d7-1ff3b3d4151b/elements 200 175 ms - 139
&amp#27;[38;5;0m[HTTP]&amp#27;[0m 
&amp#27;[38;5;0m[HTTP]&amp#27;[0m &amp#27;[37m-->&amp#27;[39m &amp#27;[37mPOST&amp#27;[39m &amp#27;[37m/session/5f6fd202-b64f-4bec-80d7-1ff3b3d4151b/element/00000000-0000-009a-ffff-ffff00000059/click&amp#27;[39m
&amp#27;[38;5;0m[HTTP]&amp#27;[0m {"id":"00000000-0000-009a-ffff-ffff00000059"}
[debug] &amp#27;[38;5;32m[AndroidUiautomator2Driver@ae4f (5f6fd202)]&amp#27;[0m Calling AppiumDriver.click() with args: ["00000000-0000-009a-ffff-ffff00000059","5f6fd202-b64f-4bec-80d7-1ff3b3d4151b"]
[debug] &amp#27;[38;5;32m[AndroidUiautomator2Driver@ae4f (5f6fd202)]&amp#27;[0m Matched '/element/00000000-0000-009a-ffff-ffff00000059/click' to command name 'click'
[debug] &amp#27;[38;5;32m[AndroidUiautomator2Driver@ae4f (5f6fd202)]&amp#27;[0m Proxying [POST /element/00000000-0000-009a-ffff-ffff00000059/click] to [POST http://127.0.0.1:8201/session/339cb118-80e7-4a2a-92b3-f1a8f02d8a99/element/00000000-0000-009a-ffff-ffff00000059/click] with body: {"element":"00000000-0000-009a-ffff-ffff00000059"}
[debug] &amp#27;[38;5;32m[AndroidUiautomator2Driver@ae4f (5f6fd202)]&amp#27;[0m Got response with status 200: {"sessionId":"339cb118-80e7-4a2a-92b3-f1a8f02d8a99","value":null}
[debug] &amp#27;[38;5;32m[AndroidUiautomator2Driver@ae4f (5f6fd202)]&amp#27;[0m Responding to client with driver.click() result: null
&amp#27;[38;5;0m[HTTP]&amp#27;[0m <-- POST /session/5f6fd202-b64f-4bec-80d7-1ff3b3d4151b/element/00000000-0000-009a-ffff-ffff00000059/click 200 551 ms - 14
&amp#27;[38;5;0m[HTTP]&amp#27;[0m 
&amp#27;[38;5;0m[HTTP]&amp#27;[0m &amp#27;[37m-->&amp#27;[39m &amp#27;[37mGET&amp#27;[39m &amp#27;[37m/session/5f6fd202-b64f-4bec-80d7-1ff3b3d4151b/context&amp#27;[39m
&amp#27;[38;5;0m[HTTP]&amp#27;[0m {}
[debug] &amp#27;[38;5;32m[AndroidUiautomator2Driver@ae4f (5f6fd202)]&amp#27;[0m Calling AppiumDriver.getCurrentContext() with args: ["5f6fd202-b64f-4bec-80d7-1ff3b3d4151b"]
[debug] &amp#27;[38;5;32m[AndroidUiautomator2Driver@ae4f (5f6fd202)]&amp#27;[0m Responding to client with driver.getCurrentContext() result: "NATIVE_APP"
&amp#27;[38;5;0m[HTTP]&amp#27;[0m <-- GET /session/5f6fd202-b64f-4bec-80d7-1ff3b3d4151b/context 200 1 ms - 22
&amp#27;[38;5;0m[HTTP]&amp#27;[0m 
&amp#27;[38;5;0m[HTTP]&amp#27;[0m &amp#27;[37m-->&amp#27;[39m &amp#27;[37mPOST&amp#27;[39m &amp#27;[37m/session/5f6fd202-b64f-4bec-80d7-1ff3b3d4151b/element&amp#27;[39m
&amp#27;[38;5;0m[HTTP]&amp#27;[0m {"using":"id","value":"com.androidsample.generalstore:id/appbar_btn_cart"}
[debug] &amp#27;[38;5;32m[AndroidUiautomator2Driver@ae4f (5f6fd202)]&amp#27;[0m Calling AppiumDriver.findElement() with args: ["id","com.androidsample.generalstore:id/appbar_btn_cart","5f6fd202-b64f-4bec-80d7-1ff3b3d4151b"]
[debug] &amp#27;[38;5;32m[AndroidUiautomator2Driver@ae4f (5f6fd202)]&amp#27;[0m Valid locator strategies for this request: xpath, id, class name, accessibility id, css selector, -android uiautomator
[debug] &amp#27;[38;5;32m[AndroidUiautomator2Driver@ae4f (5f6fd202)]&amp#27;[0m Waiting up to 10000 ms for condition
[debug] &amp#27;[38;5;32m[AndroidUiautomator2Driver@ae4f (5f6fd202)]&amp#27;[0m Matched '/element' to command name 'findElement'
[debug] &amp#27;[38;5;32m[AndroidUiautomator2Driver@ae4f (5f6fd202)]&amp#27;[0m Proxying [POST /element] to [POST http://127.0.0.1:8201/session/339cb118-80e7-4a2a-92b3-f1a8f02d8a99/element] with body: {"strategy":"id","selector":"com.androidsample.generalstore:id/appbar_btn_cart","context":"","multiple":false}
[debug] &amp#27;[38;5;32m[AndroidUiautomator2Driver@ae4f (5f6fd202)]&amp#27;[0m Got response with status 200: {"sessionId":"339cb118-80e7-4a2a-92b3-f1a8f02d8a99","value":{"ELEMENT":"00000000-0000-009a-ffff-ffff00000044","element-6066-11e4-a52e-4f735466cecf":"00000000-0000-009a-ffff-ffff00000044"}}
[debug] &amp#27;[38;5;32m[AndroidUiautomator2Driver@ae4f (5f6fd202)]&amp#27;[0m Responding to client with driver.findElement() result: {"element-6066-11e4-a52e-4f735466cecf":"00000000-0000-009a-ffff-ffff00000044","ELEMENT":"00000000-0000-009a-ffff-ffff00000044"}
&amp#27;[38;5;0m[HTTP]&amp#27;[0m <-- POST /session/5f6fd202-b64f-4bec-80d7-1ff3b3d4151b/element 200 45 ms - 137
&amp#27;[38;5;0m[HTTP]&amp#27;[0m 
&amp#27;[38;5;0m[HTTP]&amp#27;[0m &amp#27;[37m-->&amp#27;[39m &amp#27;[37mPOST&amp#27;[39m &amp#27;[37m/session/5f6fd202-b64f-4bec-80d7-1ff3b3d4151b/element/00000000-0000-009a-ffff-ffff00000044/click&amp#27;[39m
&amp#27;[38;5;0m[HTTP]&amp#27;[0m {"id":"00000000-0000-009a-ffff-ffff00000044"}
[debug] &amp#27;[38;5;32m[AndroidUiautomator2Driver@ae4f (5f6fd202)]&amp#27;[0m Calling AppiumDriver.click() with args: ["00000000-0000-009a-ffff-ffff00000044","5f6fd202-b64f-4bec-80d7-1ff3b3d4151b"]
[debug] &amp#27;[38;5;32m[AndroidUiautomator2Driver@ae4f (5f6fd202)]&amp#27;[0m Matched '/element/00000000-0000-009a-ffff-ffff00000044/click' to command name 'click'
[debug] &amp#27;[38;5;32m[AndroidUiautomator2Driver@ae4f (5f6fd202)]&amp#27;[0m Proxying [POST /element/00000000-0000-009a-ffff-ffff00000044/click] to [POST http://127.0.0.1:8201/session/339cb118-80e7-4a2a-92b3-f1a8f02d8a99/element/00000000-0000-009a-ffff-ffff00000044/click] with body: {"element":"00000000-0000-009a-ffff-ffff00000044"}
[debug] &amp#27;[38;5;32m[AndroidUiautomator2Driver@ae4f (5f6fd202)]&amp#27;[0m Got response with status 200: {"sessionId":"339cb118-80e7-4a2a-92b3-f1a8f02d8a99","value":null}
[debug] &amp#27;[38;5;32m[AndroidUiautomator2Driver@ae4f (5f6fd202)]&amp#27;[0m Responding to client with driver.click() result: null
&amp#27;[38;5;0m[HTTP]&amp#27;[0m <-- POST /session/5f6fd202-b64f-4bec-80d7-1ff3b3d4151b/element/00000000-0000-009a-ffff-ffff00000044/click 200 51 ms - 14
&amp#27;[38;5;0m[HTTP]&amp#27;[0m 
&amp#27;[38;5;0m[HTTP]&amp#27;[0m &amp#27;[37m-->&amp#27;[39m &amp#27;[37mGET&amp#27;[39m &amp#27;[37m/session/5f6fd202-b64f-4bec-80d7-1ff3b3d4151b/context&amp#27;[39m
&amp#27;[38;5;0m[HTTP]&amp#27;[0m {}
[debug] &amp#27;[38;5;32m[AndroidUiautomator2Driver@ae4f (5f6fd202)]&amp#27;[0m Calling AppiumDriver.getCurrentContext() with args: ["5f6fd202-b64f-4bec-80d7-1ff3b3d4151b"]
[debug] &amp#27;[38;5;32m[AndroidUiautomator2Driver@ae4f (5f6fd202)]&amp#27;[0m Responding to client with driver.getCurrentContext() result: "NATIVE_APP"
&amp#27;[38;5;0m[HTTP]&amp#27;[0m <-- GET /session/5f6fd202-b64f-4bec-80d7-1ff3b3d4151b/context 200 1 ms - 22
&amp#27;[38;5;0m[HTTP]&amp#27;[0m 
&amp#27;[38;5;0m[HTTP]&amp#27;[0m &amp#27;[37m-->&amp#27;[39m &amp#27;[37mPOST&amp#27;[39m &amp#27;[37m/session/5f6fd202-b64f-4bec-80d7-1ff3b3d4151b/elements&amp#27;[39m
&amp#27;[38;5;0m[HTTP]&amp#27;[0m {"using":"id","value":"com.androidsample.generalstore:id/productPrice"}
[debug] &amp#27;[38;5;32m[AndroidUiautomator2Driver@ae4f (5f6fd202)]&amp#27;[0m Calling AppiumDriver.findElements() with args: ["id","com.androidsample.generalstore:id/productPrice","5f6fd202-b64f-4bec-80d7-1ff3b3d4151b"]
[debug] &amp#27;[38;5;32m[AndroidUiautomator2Driver@ae4f (5f6fd202)]&amp#27;[0m Valid locator strategies for this request: xpath, id, class name, accessibility id, css selector, -android uiautomator
[debug] &amp#27;[38;5;32m[AndroidUiautomator2Driver@ae4f (5f6fd202)]&amp#27;[0m Waiting up to 10000 ms for condition
[debug] &amp#27;[38;5;32m[AndroidUiautomator2Driver@ae4f (5f6fd202)]&amp#27;[0m Matched '/elements' to command name 'findElements'
[debug] &amp#27;[38;5;32m[AndroidUiautomator2Driver@ae4f (5f6fd202)]&amp#27;[0m Proxying [POST /elements] to [POST http://127.0.0.1:8201/session/339cb118-80e7-4a2a-92b3-f1a8f02d8a99/elements] with body: {"strategy":"id","selector":"com.androidsample.generalstore:id/productPrice","context":"","multiple":true}
[debug] &amp#27;[38;5;32m[AndroidUiautomator2Driver@ae4f (5f6fd202)]&amp#27;[0m Got response with status 200: {"sessionId":"339cb118-80e7-4a2a-92b3-f1a8f02d8a99","value":[{"ELEMENT":"00000000-0000-009b-ffff-ffff00000086","element-6066-11e4-a52e-4f735466cecf":"00000000-0000-009b-ffff-ffff00000086"},{"ELEMENT":"00000000-0000-009b-ffff-ffff0000008e","element-6066-11e4-a52e-4f735466cecf":"00000000-0000-009b-ffff-ffff0000008e"}]}
[debug] &amp#27;[38;5;32m[AndroidUiautomator2Driver@ae4f (5f6fd202)]&amp#27;[0m Responding to client with driver.findElements() result: [{"element-6066-11e4-a52e-4f735466cecf":"00000000-0000-009b-ffff-ffff00000086","ELEMENT":"00000000-0000-009b-ffff-ffff00000086"},{"element-6066-11e4-a52e-4f735466cecf":"00000000-0000-009b-ffff-ffff0000008e","ELEMENT":"00000000-0000-009b-ffff-ffff0000008e"}]
&amp#27;[38;5;0m[HTTP]&amp#27;[0m <-- POST /session/5f6fd202-b64f-4bec-80d7-1ff3b3d4151b/elements 200 101 ms - 267
&amp#27;[38;5;0m[HTTP]&amp#27;[0m 
&amp#27;[38;5;0m[HTTP]&amp#27;[0m &amp#27;[37m-->&amp#27;[39m &amp#27;[37mGET&amp#27;[39m &amp#27;[37m/session/5f6fd202-b64f-4bec-80d7-1ff3b3d4151b/context&amp#27;[39m
&amp#27;[38;5;0m[HTTP]&amp#27;[0m {}
[debug] &amp#27;[38;5;32m[AndroidUiautomator2Driver@ae4f (5f6fd202)]&amp#27;[0m Calling AppiumDriver.getCurrentContext() with args: ["5f6fd202-b64f-4bec-80d7-1ff3b3d4151b"]
[debug] &amp#27;[38;5;32m[AndroidUiautomator2Driver@ae4f (5f6fd202)]&amp#27;[0m Responding to client with driver.getCurrentContext() result: "NATIVE_APP"
&amp#27;[38;5;0m[HTTP]&amp#27;[0m <-- GET /session/5f6fd202-b64f-4bec-80d7-1ff3b3d4151b/context 200 1 ms - 22
&amp#27;[38;5;0m[HTTP]&amp#27;[0m 
&amp#27;[38;5;0m[HTTP]&amp#27;[0m &amp#27;[37m-->&amp#27;[39m &amp#27;[37mPOST&amp#27;[39m &amp#27;[37m/session/5f6fd202-b64f-4bec-80d7-1ff3b3d4151b/elements&amp#27;[39m
&amp#27;[38;5;0m[HTTP]&amp#27;[0m {"using":"id","value":"com.androidsample.generalstore:id/productPrice"}
[debug] &amp#27;[38;5;32m[AndroidUiautomator2Driver@ae4f (5f6fd202)]&amp#27;[0m Calling AppiumDriver.findElements() with args: ["id","com.androidsample.generalstore:id/productPrice","5f6fd202-b64f-4bec-80d7-1ff3b3d4151b"]
[debug] &amp#27;[38;5;32m[AndroidUiautomator2Driver@ae4f (5f6fd202)]&amp#27;[0m Valid locator strategies for this request: xpath, id, class name, accessibility id, css selector, -android uiautomator
[debug] &amp#27;[38;5;32m[AndroidUiautomator2Driver@ae4f (5f6fd202)]&amp#27;[0m Waiting up to 10000 ms for condition
[debug] &amp#27;[38;5;32m[AndroidUiautomator2Driver@ae4f (5f6fd202)]&amp#27;[0m Matched '/elements' to command name 'findElements'
[debug] &amp#27;[38;5;32m[AndroidUiautomator2Driver@ae4f (5f6fd202)]&amp#27;[0m Proxying [POST /elements] to [POST http://127.0.0.1:8201/session/339cb118-80e7-4a2a-92b3-f1a8f02d8a99/elements] with body: {"strategy":"id","selector":"com.androidsample.generalstore:id/productPrice","context":"","multiple":true}
[debug] &amp#27;[38;5;32m[AndroidUiautomator2Driver@ae4f (5f6fd202)]&amp#27;[0m Got response with status 200: {"sessionId":"339cb118-80e7-4a2a-92b3-f1a8f02d8a99","value":[{"ELEMENT":"00000000-0000-009b-ffff-ffff00000086","element-6066-11e4-a52e-4f735466cecf":"00000000-0000-009b-ffff-ffff00000086"},{"ELEMENT":"00000000-0000-009b-ffff-ffff0000008e","element-6066-11e4-a52e-4f735466cecf":"00000000-0000-009b-ffff-ffff0000008e"}]}
[...]
&amp#27;[38;5;0m[HTTP]&amp#27;[0m {"using":"id","value":"com.androidsample.generalstore:id/totalAmountLbl"}
[debug] &amp#27;[38;5;32m[AndroidUiautomator2Driver@ae4f (5f6fd202)]&amp#27;[0m Calling AppiumDriver.findElement() with args: ["id","com.androidsample.generalstore:id/totalAmountLbl","5f6fd202-b64f-4bec-80d7-1ff3b3d4151b"]
[debug] &amp#27;[38;5;32m[AndroidUiautomator2Driver@ae4f (5f6fd202)]&amp#27;[0m Valid locator strategies for this request: xpath, id, class name, accessibility id, css selector, -android uiautomator
[debug] &amp#27;[38;5;32m[AndroidUiautomator2Driver@ae4f (5f6fd202)]&amp#27;[0m Waiting up to 10000 ms for condition
[debug] &amp#27;[38;5;32m[AndroidUiautomator2Driver@ae4f (5f6fd202)]&amp#27;[0m Matched '/element' to command name 'findElement'
[debug] &amp#27;[38;5;32m[AndroidUiautomator2Driver@ae4f (5f6fd202)]&amp#27;[0m Proxying [POST /element] to [POST http://127.0.0.1:8201/session/339cb118-80e7-4a2a-92b3-f1a8f02d8a99/element] with body: {"strategy":"id","selector":"com.androidsample.generalstore:id/totalAmountLbl","context":"","multiple":false}
[debug] &amp#27;[38;5;32m[AndroidUiautomator2Driver@ae4f (5f6fd202)]&amp#27;[0m Got response with status 200: {"sessionId":"339cb118-80e7-4a2a-92b3-f1a8f02d8a99","value":{"ELEMENT":"00000000-0000-009b-ffff-ffff0000007a","element-6066-11e4-a52e-4f735466cecf":"00000000-0000-009b-ffff-ffff0000007a"}}
[debug] &amp#27;[38;5;32m[AndroidUiautomator2Driver@ae4f (5f6fd202)]&amp#27;[0m Responding to client with driver.findElement() result: {"element-6066-11e4-a52e-4f735466cecf":"00000000-0000-009b-ffff-ffff0000007a","ELEMENT":"00000000-0000-009b-ffff-ffff0000007a"}
&amp#27;[38;5;0m[HTTP]&amp#27;[0m <-- POST /session/5f6fd202-b64f-4bec-80d7-1ff3b3d4151b/element 200 91 ms - 137
&amp#27;[38;5;0m[HTTP]&amp#27;[0m 
&amp#27;[38;5;0m[HTTP]&amp#27;[0m &amp#27;[37m-->&amp#27;[39m &amp#27;[37mGET&amp#27;[39m &amp#27;[37m/session/5f6fd202-b64f-4bec-80d7-1ff3b3d4151b/element/00000000-0000-009b-ffff-ffff0000007a/text&amp#27;[39m
&amp#27;[38;5;0m[HTTP]&amp#27;[0m {}
&amp#27;[38;5;32m[AndroidUiautomator2Driver@ae4f (5f6fd202)]&amp#27;[0m Driver proxy active, passing request on via HTTP proxy
[debug] &amp#27;[38;5;32m[AndroidUiautomator2Driver@ae4f (5f6fd202)]&amp#27;[0m Matched '/session/5f6fd202-b64f-4bec-80d7-1ff3b3d4151b/element/00000000-0000-009b-ffff-ffff0000007a/text' to command name 'getText'
[debug] &amp#27;[38;5;32m[AndroidUiautomator2Driver@ae4f (5f6fd202)]&amp#27;[0m Proxying [GET /session/5f6fd202-b64f-4bec-80d7-1ff3b3d4151b/element/00000000-0000-009b-ffff-ffff0000007a/text] to [GET http://127.0.0.1:8201/session/339cb118-80e7-4a2a-92b3-f1a8f02d8a99/element/00000000-0000-009b-ffff-ffff0000007a/text] with no body
[debug] &amp#27;[38;5;32m[AndroidUiautomator2Driver@ae4f (5f6fd202)]&amp#27;[0m Got response with status 200: {"sessionId":"339cb118-80e7-4a2a-92b3-f1a8f02d8a99","value":"$ 280.97"}
&amp#27;[38;5;32m[AndroidUiautomator2Driver@ae4f (5f6fd202)]&amp#27;[0m Replacing sessionId 339cb118-80e7-4a2a-92b3-f1a8f02d8a99 with 5f6fd202-b64f-4bec-80d7-1ff3b3d4151b
&amp#27;[38;5;0m[HTTP]&amp#27;[0m <-- GET /session/5f6fd202-b64f-4bec-80d7-1ff3b3d4151b/element/00000000-0000-009b-ffff-ffff0000007a/text 200 18 ms - 71
&amp#27;[38;5;0m[HTTP]&amp#27;[0m 
&amp#27;[38;5;0m[HTTP]&amp#27;[0m &amp#27;[37m-->&amp#27;[39m &amp#27;[37mGET&amp#27;[39m &amp#27;[37m/session/5f6fd202-b64f-4bec-80d7-1ff3b3d4151b/context&amp#27;[39m
&amp#27;[38;5;0m[HTTP]&amp#27;[0m {}
[debug] &amp#27;[38;5;32m[AndroidUiautomator2Driver@ae4f (5f6fd202)]&amp#27;[0m Calling AppiumDriver.getCurrentContext() with args: ["5f6fd202-b64f-4bec-80d7-1ff3b3d4151b"]
[debug] &amp#27;[38;5;32m[AndroidUiautomator2Driver@ae4f (5f6fd202)]&amp#27;[0m Responding to client with driver.getCurrentContext() result: "NATIVE_APP"
&amp#27;[38;5;0m[HTTP]&amp#27;[0m <-- GET /session/5f6fd202-b64f-4bec-80d7-1ff3b3d4151b/context 200 1 ms - 22
&amp#27;[38;5;0m[HTTP]&amp#27;[0m 
&amp#27;[38;5;0m[HTTP]&amp#27;[0m &amp#27;[37m-->&amp#27;[39m &amp#27;[37mPOST&amp#27;[39m &amp#27;[37m/session/5f6fd202-b64f-4bec-80d7-1ff3b3d4151b/element&amp#27;[39m
&amp#27;[38;5;0m[HTTP]&amp#27;[0m {"using":"id","value":"com.androidsample.generalstore:id/termsButton"}
[debug] &amp#27;[38;5;32m[AndroidUiautomator2Driver@ae4f (5f6fd202)]&amp#27;[0m Calling AppiumDriver.findElement() with args: ["id","com.androidsample.generalstore:id/termsButton","5f6fd202-b64f-4bec-80d7-1ff3b3d4151b"]
[debug] &amp#27;[38;5;32m[AndroidUiautomator2Driver@ae4f (5f6fd202)]&amp#27;[0m Valid locator strategies for this request: xpath, id, class name, accessibility id, css selector, -android uiautomator
[debug] &amp#27;[38;5;32m[AndroidUiautomator2Driver@ae4f (5f6fd202)]&amp#27;[0m Waiting up to 10000 ms for condition
[debug] &amp#27;[38;5;32m[AndroidUiautomator2Driver@ae4f (5f6fd202)]&amp#27;[0m Matched '/element' to command name 'findElement'
[debug] &amp#27;[38;5;32m[AndroidUiautomator2Driver@ae4f (5f6fd202)]&amp#27;[0m Proxying [POST /element] to [POST http://127.0.0.1:8201/session/339cb118-80e7-4a2a-92b3-f1a8f02d8a99/element] with body: {"strategy":"id","selector":"com.androidsample.generalstore:id/termsButton","context":"","multiple":false}
[debug] &amp#27;[38;5;32m[AndroidUiautomator2Driver@ae4f (5f6fd202)]&amp#27;[0m Got response with status 200: {"sessionId":"339cb118-80e7-4a2a-92b3-f1a8f02d8a99","value":{"ELEMENT":"00000000-0000-009b-ffff-ffff0000007d","element-6066-11e4-a52e-4f735466cecf":"00000000-0000-009b-ffff-ffff0000007d"}}
[debug] &amp#27;[38;5;32m[AndroidUiautomator2Driver@ae4f (5f6fd202)]&amp#27;[0m Responding to client with driver.findElement() result: {"element-6066-11e4-a52e-4f735466cecf":"00000000-0000-009b-ffff-ffff0000007d","ELEMENT":"00000000-0000-009b-ffff-ffff0000007d"}
&amp#27;[38;5;0m[HTTP]&amp#27;[0m <-- POST /session/5f6fd202-b64f-4bec-80d7-1ff3b3d4151b/element 200 104 ms - 137
&amp#27;[38;5;0m[HTTP]&amp#27;[0m 
&amp#27;[38;5;0m[HTTP]&amp#27;[0m &amp#27;[37m-->&amp#27;[39m &amp#27;[37mPOST&amp#27;[39m &amp#27;[37m/session/5f6fd202-b64f-4bec-80d7-1ff3b3d4151b/execute/sync&amp#27;[39m
&amp#27;[38;5;0m[HTTP]&amp#27;[0m {"script":"mobile: longClickGesture","args":[{"elementId":"00000000-0000-009b-ffff-ffff0000007d","duration":2000}]}
[debug] &amp#27;[38;5;32m[AndroidUiautomator2Driver@ae4f (5f6fd202)]&amp#27;[0m Calling AppiumDriver.execute() with args: ["mobile: longClickGesture",[{"elementId":"00000000-0000-009b-ffff-ffff0000007d","duration":2000}],"5f6fd202-b64f-4bec-80d7-1ff3b3d4151b"]
&amp#27;[38;5;32m[AndroidUiautomator2Driver@ae4f (5f6fd202)]&amp#27;[0m Executing native command 'mobile: longClickGesture'
[debug] &amp#27;[38;5;32m[AndroidUiautomator2Driver@ae4f (5f6fd202)]&amp#27;[0m Proxying [POST /appium/gestures/long_click] to [POST http://127.0.0.1:8201/session/339cb118-80e7-4a2a-92b3-f1a8f02d8a99/appium/gestures/long_click] with body: {"origin":{"ELEMENT":"00000000-0000-009b-ffff-ffff0000007d","element-6066-11e4-a52e-4f735466cecf":"00000000-0000-009b-ffff-ffff0000007d"},"duration":2000}
[debug] &amp#27;[38;5;32m[AndroidUiautomator2Driver@ae4f (5f6fd202)]&amp#27;[0m Got response with status 200: {"sessionId":"339cb118-80e7-4a2a-92b3-f1a8f02d8a99","value":null}
[debug] &amp#27;[38;5;32m[AndroidUiautomator2Driver@ae4f (5f6fd202)]&amp#27;[0m Responding to client with driver.execute() result: null
&amp#27;[38;5;0m[HTTP]&amp#27;[0m <-- POST /session/5f6fd202-b64f-4bec-80d7-1ff3b3d4151b/execute/sync 200 2079 ms - 14
&amp#27;[38;5;0m[HTTP]&amp#27;[0m 
&amp#27;[38;5;0m[HTTP]&amp#27;[0m &amp#27;[37m-->&amp#27;[39m &amp#27;[37mGET&amp#27;[39m &amp#27;[37m/session/5f6fd202-b64f-4bec-80d7-1ff3b3d4151b/context&amp#27;[39m
&amp#27;[38;5;0m[HTTP]&amp#27;[0m {}
[debug] &amp#27;[38;5;32m[AndroidUiautomator2Driver@ae4f (5f6fd202)]&amp#27;[0m Calling AppiumDriver.getCurrentContext() with args: ["5f6fd202-b64f-4bec-80d7-1ff3b3d4151b"]
[debug] &amp#27;[38;5;32m[AndroidUiautomator2Driver@ae4f (5f6fd202)]&amp#27;[0m Responding to client with driver.getCurrentContext() result: "NATIVE_APP"
&amp#27;[38;5;0m[HTTP]&amp#27;[0m <-- GET /session/5f6fd202-b64f-4bec-80d7-1ff3b3d4151b/context 200 1 ms - 22
&amp#27;[38;5;0m[HTTP]&amp#27;[0m 
&amp#27;[38;5;0m[HTTP]&amp#27;[0m &amp#27;[37m-->&amp#27;[39m &amp#27;[37mPOST&amp#27;[39m &amp#27;[37m/session/5f6fd202-b64f-4bec-80d7-1ff3b3d4151b/element&amp#27;[39m
&amp#27;[38;5;0m[HTTP]&amp#27;[0m {"using":"id","value":"android:id/button1"}
[debug] &amp#27;[38;5;32m[AndroidUiautomator2Driver@ae4f (5f6fd202)]&amp#27;[0m Calling AppiumDriver.findElement() with args: ["id","android:id/button1","5f6fd202-b64f-4bec-80d7-1ff3b3d4151b"]
[debug] &amp#27;[38;5;32m[AndroidUiautomator2Driver@ae4f (5f6fd202)]&amp#27;[0m Valid locator strategies for this request: xpath, id, class name, accessibility id, css selector, -android uiautomator
[debug] &amp#27;[38;5;32m[AndroidUiautomator2Driver@ae4f (5f6fd202)]&amp#27;[0m Waiting up to 10000 ms for condition
[debug] &amp#27;[38;5;32m[AndroidUiautomator2Driver@ae4f (5f6fd202)]&amp#27;[0m Matched '/element' to command name 'findElement'
[debug] &amp#27;[38;5;32m[AndroidUiautomator2Driver@ae4f (5f6fd202)]&amp#27;[0m Proxying [POST /element] to [POST http://127.0.0.1:8201/session/339cb118-80e7-4a2a-92b3-f1a8f02d8a99/element] with body: {"strategy":"id","selector":"android:id/button1","context":"","multiple":false}
[debug] &amp#27;[38;5;32m[AndroidUiautomator2Driver@ae4f (5f6fd202)]&amp#27;[0m Got response with status 200: {"sessionId":"339cb118-80e7-4a2a-92b3-f1a8f02d8a99","value":{"ELEMENT":"00000000-0000-009c-ffff-ffff000000a9","element-6066-11e4-a52e-4f735466cecf":"00000000-0000-009c-ffff-ffff000000a9"}}
[debug] &amp#27;[38;5;32m[AndroidUiautomator2Driver@ae4f (5f6fd202)]&amp#27;[0m Responding to client with driver.findElement() result: {"element-6066-11e4-a52e-4f735466cecf":"00000000-0000-009c-ffff-ffff000000a9","ELEMENT":"00000000-0000-009c-ffff-ffff000000a9"}
&amp#27;[38;5;0m[HTTP]&amp#27;[0m <-- POST /session/5f6fd202-b64f-4bec-80d7-1ff3b3d4151b/element 200 93 ms - 137
&amp#27;[38;5;0m[HTTP]&amp#27;[0m 
&amp#27;[38;5;0m[HTTP]&amp#27;[0m &amp#27;[37m-->&amp#27;[39m &amp#27;[37mPOST&amp#27;[39m &amp#27;[37m/session/5f6fd202-b64f-4bec-80d7-1ff3b3d4151b/element/00000000-0000-009c-ffff-ffff000000a9/click&amp#27;[39m
&amp#27;[38;5;0m[HTTP]&amp#27;[0m {"id":"00000000-0000-009c-ffff-ffff000000a9"}
[debug] &amp#27;[38;5;32m[AndroidUiautomator2Driver@ae4f (5f6fd202)]&amp#27;[0m Calling AppiumDriver.click() with args: ["00000000-0000-009c-ffff-ffff000000a9","5f6fd202-b64f-4bec-80d7-1ff3b3d4151b"]
[debug] &amp#27;[38;5;32m[AndroidUiautomator2Driver@ae4f (5f6fd202)]&amp#27;[0m Matched '/element/00000000-0000-009c-ffff-ffff000000a9/click' to command name 'click'
[debug] &amp#27;[38;5;32m[AndroidUiautomator2Driver@ae4f (5f6fd202)]&amp#27;[0m Proxying [POST /element/00000000-0000-009c-ffff-ffff000000a9/click] to [POST http://127.0.0.1:8201/session/339cb118-80e7-4a2a-92b3-f1a8f02d8a99/element/00000000-0000-009c-ffff-ffff000000a9/click] with body: {"element":"00000000-0000-009c-ffff-ffff000000a9"}
[debug] &amp#27;[38;5;32m[AndroidUiautomator2Driver@ae4f (5f6fd202)]&amp#27;[0m Got response with status 200: {"sessionId":"339cb118-80e7-4a2a-92b3-f1a8f02d8a99","value":null}
[debug] &amp#27;[38;5;32m[AndroidUiautomator2Driver@ae4f (5f6fd202)]&amp#27;[0m Responding to client with driver.click() result: null
&amp#27;[38;5;0m[HTTP]&amp#27;[0m <-- POST /session/5f6fd202-b64f-4bec-80d7-1ff3b3d4151b/element/00000000-0000-009c-ffff-ffff000000a9/click 200 83 ms - 14
&amp#27;[38;5;0m[HTTP]&amp#27;[0m 
&amp#27;[38;5;0m[HTTP]&amp#27;[0m &amp#27;[37m-->&amp#27;[39m &amp#27;[37mGET&amp#27;[39m &amp#27;[37m/session/5f6fd202-b64f-4bec-80d7-1ff3b3d4151b/context&amp#27;[39m
&amp#27;[38;5;0m[HTTP]&amp#27;[0m {}
[debug] &amp#27;[38;5;32m[AndroidUiautomator2Driver@ae4f (5f6fd202)]&amp#27;[0m Calling AppiumDriver.getCurrentContext() with args: ["5f6fd202-b64f-4bec-80d7-1ff3b3d4151b"]
[debug] &amp#27;[38;5;32m[AndroidUiautomator2Driver@ae4f (5f6fd202)]&amp#27;[0m Responding to client with driver.getCurrentContext() result: "NATIVE_APP"
&amp#27;[38;5;0m[HTTP]&amp#27;[0m <-- GET /session/5f6fd202-b64f-4bec-80d7-1ff3b3d4151b/context 200 1 ms - 22
&amp#27;[38;5;0m[HTTP]&amp#27;[0m 
&amp#27;[38;5;0m[HTTP]&amp#27;[0m &amp#27;[37m-->&amp#27;[39m &amp#27;[37mPOST&amp#27;[39m &amp#27;[37m/session/5f6fd202-b64f-4bec-80d7-1ff3b3d4151b/element&amp#27;[39m
&amp#27;[38;5;0m[HTTP]&amp#27;[0m {"using":"class name","value":"android.widget.CheckBox"}
[debug] &amp#27;[38;5;32m[AndroidUiautomator2Driver@ae4f (5f6fd202)]&amp#27;[0m Calling AppiumDriver.findElement() with args: ["class name","android.widget.CheckBox","5f6fd202-b64f-4bec-80d7-1ff3b3d4151b"]
[debug] &amp#27;[38;5;32m[AndroidUiautomator2Driver@ae4f (5f6fd202)]&amp#27;[0m Valid locator strategies for this request: xpath, id, class name, accessibility id, css selector, -android uiautomator
[debug] &amp#27;[38;5;32m[AndroidUiautomator2Driver@ae4f (5f6fd202)]&amp#27;[0m Waiting up to 10000 ms for condition
[debug] &amp#27;[38;5;32m[AndroidUiautomator2Driver@ae4f (5f6fd202)]&amp#27;[0m Matched '/element' to command name 'findElement'
[debug] &amp#27;[38;5;32m[AndroidUiautomator2Driver@ae4f (5f6fd202)]&amp#27;[0m Proxying [POST /element] to [POST http://127.0.0.1:8201/session/339cb118-80e7-4a2a-92b3-f1a8f02d8a99/element] with body: {"strategy":"class name","selector":"android.widget.CheckBox","context":"","multiple":false}
[debug] &amp#27;[38;5;32m[AndroidUiautomator2Driver@ae4f (5f6fd202)]&amp#27;[0m Got response with status 200: {"sessionId":"339cb118-80e7-4a2a-92b3-f1a8f02d8a99","value":{"ELEMENT":"00000000-0000-009b-ffff-ffff0000007b","element-6066-11e4-a52e-4f735466cecf":"00000000-0000-009b-ffff-ffff0000007b"}}
[debug] &amp#27;[38;5;32m[AndroidUiautomator2Driver@ae4f (5f6fd202)]&amp#27;[0m Responding to client with driver.findElement() result: {"element-6066-11e4-a52e-4f735466cecf":"00000000-0000-009b-ffff-ffff0000007b","ELEMENT":"00000000-0000-009b-ffff-ffff0000007b"}
&amp#27;[38;5;0m[HTTP]&amp#27;[0m <-- POST /session/5f6fd202-b64f-4bec-80d7-1ff3b3d4151b/element 200 519 ms - 137
&amp#27;[38;5;0m[HTTP]&amp#27;[0m 
&amp#27;[38;5;0m[HTTP]&amp#27;[0m &amp#27;[37m-->&amp#27;[39m &amp#27;[37mPOST&amp#27;[39m &amp#27;[37m/session/5f6fd202-b64f-4bec-80d7-1ff3b3d4151b/element/00000000-0000-009b-ffff-ffff0000007b/click&amp#27;[39m
&amp#27;[38;5;0m[HTTP]&amp#27;[0m {"id":"00000000-0000-009b-ffff-ffff0000007b"}
[debug] &amp#27;[38;5;32m[AndroidUiautomator2Driver@ae4f (5f6fd202)]&amp#27;[0m Calling AppiumDriver.click() with args: ["00000000-0000-009b-ffff-ffff0000007b","5f6fd202-b64f-4bec-80d7-1ff3b3d4151b"]
[debug] &amp#27;[38;5;32m[AndroidUiautomator2Driver@ae4f (5f6fd202)]&amp#27;[0m Matched '/element/00000000-0000-009b-ffff-ffff0000007b/click' to command name 'click'
[debug] &amp#27;[38;5;32m[AndroidUiautomator2Driver@ae4f (5f6fd202)]&amp#27;[0m Proxying [POST /element/00000000-0000-009b-ffff-ffff0000007b/click] to [POST http://127.0.0.1:8201/session/339cb118-80e7-4a2a-92b3-f1a8f02d8a99/element/00000000-0000-009b-ffff-ffff0000007b/click] with body: {"element":"00000000-0000-009b-ffff-ffff0000007b"}
[debug] &amp#27;[38;5;32m[AndroidUiautomator2Driver@ae4f (5f6fd202)]&amp#27;[0m Got response with status 200: {"sessionId":"339cb118-80e7-4a2a-92b3-f1a8f02d8a99","value":null}
[debug] &amp#27;[38;5;32m[AndroidUiautomator2Driver@ae4f (5f6fd202)]&amp#27;[0m Responding to client with driver.click() result: null
&amp#27;[38;5;0m[HTTP]&amp#27;[0m <-- POST /session/5f6fd202-b64f-4bec-80d7-1ff3b3d4151b/element/00000000-0000-009b-ffff-ffff0000007b/click 200 217 ms - 14
&amp#27;[38;5;0m[HTTP]&amp#27;[0m 
&amp#27;[38;5;0m[HTTP]&amp#27;[0m &amp#27;[37m-->&amp#27;[39m &amp#27;[37mGET&amp#27;[39m &amp#27;[37m/session/5f6fd202-b64f-4bec-80d7-1ff3b3d4151b/context&amp#27;[39m
&amp#27;[38;5;0m[HTTP]&amp#27;[0m {}
[debug] &amp#27;[38;5;32m[AndroidUiautomator2Driver@ae4f (5f6fd202)]&amp#27;[0m Calling AppiumDriver.getCurrentContext() with args: ["5f6fd202-b64f-4bec-80d7-1ff3b3d4151b"]
[debug] &amp#27;[38;5;32m[AndroidUiautomator2Driver@ae4f (5f6fd202)]&amp#27;[0m Responding to client with driver.getCurrentContext() result: "NATIVE_APP"
&amp#27;[38;5;0m[HTTP]&amp#27;[0m <-- GET /session/5f6fd202-b64f-4bec-80d7-1ff3b3d4151b/context 200 2 ms - 22
&amp#27;[38;5;0m[HTTP]&amp#27;[0m 
&amp#27;[38;5;0m[HTTP]&amp#27;[0m &amp#27;[37m-->&amp#27;[39m &amp#27;[37mPOST&amp#27;[39m &amp#27;[37m/session/5f6fd202-b64f-4bec-80d7-1ff3b3d4151b/element&amp#27;[39m
&amp#27;[38;5;0m[HTTP]&amp#27;[0m {"using":"id","value":"com.androidsample.generalstore:id/btnProceed"}
[debug] &amp#27;[38;5;32m[AndroidUiautomator2Driver@ae4f (5f6fd202)]&amp#27;[0m Calling AppiumDriver.findElement() with args: ["id","com.androidsample.generalstore:id/btnProceed","5f6fd202-b64f-4bec-80d7-1ff3b3d4151b"]
[debug] &amp#27;[38;5;32m[AndroidUiautomator2Driver@ae4f (5f6fd202)]&amp#27;[0m Valid locator strategies for this request: xpath, id, class name, accessibility id, css selector, -android uiautomator
[debug] &amp#27;[38;5;32m[AndroidUiautomator2Driver@ae4f (5f6fd202)]&amp#27;[0m Waiting up to 10000 ms for condition
[debug] &amp#27;[38;5;32m[AndroidUiautomator2Driver@ae4f (5f6fd202)]&amp#27;[0m Matched '/element' to command name 'findElement'
[debug] &amp#27;[38;5;32m[AndroidUiautomator2Driver@ae4f (5f6fd202)]&amp#27;[0m Proxying [POST /element] to [POST http://127.0.0.1:8201/session/339cb118-80e7-4a2a-92b3-f1a8f02d8a99/element] with body: {"strategy":"id","selector":"com.androidsample.generalstore:id/btnProceed","context":"","multiple":false}
[debug] &amp#27;[38;5;32m[AndroidUiautomator2Driver@ae4f (5f6fd202)]&amp#27;[0m Got response with status 200: {"sessionId":"339cb118-80e7-4a2a-92b3-f1a8f02d8a99","value":{"ELEMENT":"00000000-0000-009b-ffff-ffff0000007c","element-6066-11e4-a52e-4f735466cecf":"00000000-0000-009b-ffff-ffff0000007c"}}
[debug] &amp#27;[38;5;32m[AndroidUiautomator2Driver@ae4f (5f6fd202)]&amp#27;[0m Responding to client with driver.findElement() result: {"element-6066-11e4-a52e-4f735466cecf":"00000000-0000-009b-ffff-ffff0000007c","ELEMENT":"00000000-0000-009b-ffff-ffff0000007c"}
&amp#27;[38;5;0m[HTTP]&amp#27;[0m <-- POST /session/5f6fd202-b64f-4bec-80d7-1ff3b3d4151b/element 200 604 ms - 137
&amp#27;[38;5;0m[HTTP]&amp#27;[0m 
&amp#27;[38;5;0m[HTTP]&amp#27;[0m &amp#27;[37m-->&amp#27;[39m &amp#27;[37mPOST&amp#27;[39m &amp#27;[37m/session/5f6fd202-b64f-4bec-80d7-1ff3b3d4151b/element/00000000-0000-009b-ffff-ffff0000007c/click&amp#27;[39m
&amp#27;[38;5;0m[HTTP]&amp#27;[0m {"id":"00000000-0000-009b-ffff-ffff0000007c"}
[debug] &amp#27;[38;5;32m[AndroidUiautomator2Driver@ae4f (5f6fd202)]&amp#27;[0m Calling AppiumDriver.click() with args: ["00000000-0000-009b-ffff-ffff0000007c","5f6fd202-b64f-4bec-80d7-1ff3b3d4151b"]
[debug] &amp#27;[38;5;32m[AndroidUiautomator2Driver@ae4f (5f6fd202)]&amp#27;[0m Matched '/element/00000000-0000-009b-ffff-ffff0000007c/click' to command name 'click'
[debug] &amp#27;[38;5;32m[AndroidUiautomator2Driver@ae4f (5f6fd202)]&amp#27;[0m Proxying [POST /element/00000000-0000-009b-ffff-ffff0000007c/click] to [POST http://127.0.0.1:8201/session/339cb118-80e7-4a2a-92b3-f1a8f02d8a99/element/00000000-0000-009b-ffff-ffff0000007c/click] with body: {"element":"00000000-0000-009b-ffff-ffff0000007c"}
[debug] &amp#27;[38;5;32m[AndroidUiautomator2Driver@ae4f (5f6fd202)]&amp#27;[0m Got response with status 200: {"sessionId":"339cb118-80e7-4a2a-92b3-f1a8f02d8a99","value":null}
[debug] &amp#27;[38;5;32m[AndroidUiautomator2Driver@ae4f (5f6fd202)]&amp#27;[0m Responding to client with driver.click() result: null
&amp#27;[38;5;0m[HTTP]&amp#27;[0m <-- POST /session/5f6fd202-b64f-4bec-80d7-1ff3b3d4151b/element/00000000-0000-009b-ffff-ffff0000007c/click 200 220 ms - 14
&amp#27;[38;5;0m[HTTP]&amp#27;[0m 
]]></system-out>
    <system-err><![CDATA[SLF4J: No SLF4J providers were found.
SLF4J: Defaulting to no-operation (NOP) logger implementation
SLF4J: See https://www.slf4j.org/codes.html#noProviders for further details.
]]></system-err>
  </testcase>
</testsuite>