<?xml version="1.0" encoding="UTF-8"?>
<testng-results ignored="0" total="1" passed="1" failed="0" skipped="0">
  <reporter-output>
  </reporter-output>
  <suite started-at="2023-08-29T15:55:38 PKT" name="Default suite" finished-at="2023-08-29T15:56:31 PKT" duration-ms="53852">
    <groups>
      <group name="Smoke">
        <method signature="ECommerce_TestCase_01.fillForm(java.util.HashMap)[pri:0, instance:org.osamaikhlas.ECommerce_TestCase_01@1a245833]" name="fillForm" class="org.osamaikhlas.ECommerce_TestCase_01"/>
      </group> <!-- Smoke -->
    </groups>
    <test started-at="2023-08-29T15:55:38 PKT" name="Default test" finished-at="2023-08-29T15:56:31 PKT" duration-ms="53852">
      <class name="org.osamaikhlas.ECommerce_TestCase_01">
        <test-method is-config="true" signature="ConfigureAppium()[pri:0, instance:org.osamaikhlas.ECommerce_TestCase_01@1a245833]" started-at="2023-08-29T15:55:38 PKT" name="ConfigureAppium" finished-at="2023-08-29T15:55:58 PKT" duration-ms="20303" status="PASS">
          <reporter-output>
          </reporter-output>
        </test-method> <!-- ConfigureAppium -->
        <test-method signature="fillForm(java.util.HashMap)[pri:0, instance:org.osamaikhlas.ECommerce_TestCase_01@1a245833]" started-at="2023-08-29T15:55:58 PKT" name="fillForm" data-provider="getData" finished-at="2023-08-29T15:56:30 PKT" duration-ms="32097" status="PASS">
          <params>
            <param index="0">
              <value>
                <![CDATA[{name=Osama Ikhlas, country=Argentina, gender=male}]]>
              </value>
            </param>
          </params>
          <reporter-output>
          </reporter-output>
        </test-method> <!-- fillForm -->
        <test-method is-config="true" signature="tearDown()[pri:0, instance:org.osamaikhlas.ECommerce_TestCase_01@1a245833]" started-at="2023-08-29T15:56:30 PKT" name="tearDown" finished-at="2023-08-29T15:56:31 PKT" duration-ms="1117" status="PASS">
          <reporter-output>
          </reporter-output>
        </test-method> <!-- tearDown -->
      </class> <!-- org.osamaikhlas.ECommerce_TestCase_01 -->
    </test> <!-- Default test -->
  </suite> <!-- Default suite -->
</testng-results>
