<?xml version="1.0" encoding="UTF-8"?>
<testng-results ignored="0" total="1" passed="1" failed="0" skipped="0">
  <reporter-output>
  </reporter-output>
  <suite started-at="2024-10-28T18:07:27 PKT" name="Default suite" finished-at="2024-10-28T18:09:24 PKT" duration-ms="116484">
    <groups>
    </groups>
    <test started-at="2024-10-28T18:07:27 PKT" name="Default test" finished-at="2024-10-28T18:09:24 PKT" duration-ms="116484">
      <class name="org.osamaikhlas.IOSBasics">
        <test-method is-config="true" signature="ConfigureAppium()[pri:0, instance:org.osamaikhlas.IOSBasics@4e558728]" started-at="2024-10-28T18:07:27 PKT" name="ConfigureAppium" finished-at="2024-10-28T18:07:40 PKT" duration-ms="12678" status="PASS">
          <reporter-output>
          </reporter-output>
        </test-method> <!-- ConfigureAppium -->
        <test-method signature="IOSBasicTests()[pri:0, instance:org.osamaikhlas.IOSBasics@4e558728]" started-at="2024-10-28T18:07:40 PKT" name="IOSBasicTests" finished-at="2024-10-28T18:09:18 PKT" duration-ms="97655" status="PASS">
          <reporter-output>
          </reporter-output>
        </test-method> <!-- IOSBasicTests -->
        <test-method is-config="true" signature="tearDown()[pri:0, instance:org.osamaikhlas.IOSBasics@4e558728]" started-at="2024-10-28T18:09:18 PKT" name="tearDown" finished-at="2024-10-28T18:09:24 PKT" duration-ms="6082" status="PASS">
          <reporter-output>
          </reporter-output>
        </test-method> <!-- tearDown -->
      </class> <!-- org.osamaikhlas.IOSBasics -->
    </test> <!-- Default test -->
  </suite> <!-- Default suite -->
</testng-results>
